CRITICAL - 2023-11-13 02:47:49 --> Class 'Locale' not found
in SYSTEMPATH\CodeIgniter.php on line 194.
 1 FCPATH\index.php(55): CodeIgniter\CodeIgniter->initialize()
CRITICAL - 2023-11-13 02:48:03 --> Class 'Locale' not found
in SYSTEMPATH\CodeIgniter.php on line 194.
 1 FCPATH\index.php(55): CodeIgniter\CodeIgniter->initialize()
CRITICAL - 2023-11-13 02:49:37 --> Class 'Locale' not found
in SYSTEMPATH\CodeIgniter.php on line 194.
 1 FCPATH\index.php(55): CodeIgniter\CodeIgniter->initialize()
CRITICAL - 2023-11-13 02:49:38 --> Class 'Locale' not found
in SYSTEMPATH\CodeIgniter.php on line 194.
 1 FCPATH\index.php(55): CodeIgniter\CodeIgniter->initialize()
CRITICAL - 2023-11-13 02:49:39 --> Class 'Locale' not found
in SYSTEMPATH\CodeIgniter.php on line 194.
 1 FCPATH\index.php(55): CodeIgniter\CodeIgniter->initialize()
CRITICAL - 2023-11-13 02:49:55 --> Class 'Locale' not found
in SYSTEMPATH\CodeIgniter.php on line 194.
 1 FCPATH\index.php(55): CodeIgniter\CodeIgniter->initialize()
INFO - 2023-11-13 08:50:02 --> Session: Class initialized using 'CodeIgniter\Session\Handlers\FileHandler' driver.
INFO - 2023-11-13 08:50:09 --> Session: Class initialized using 'CodeIgniter\Session\Handlers\FileHandler' driver.
INFO - 2023-11-13 08:50:33 --> Session: Class initialized using 'CodeIgniter\Session\Handlers\FileHandler' driver.
INFO - 2023-11-13 08:50:58 --> Session: Class initialized using 'CodeIgniter\Session\Handlers\FileHandler' driver.
INFO - 2023-11-13 08:51:43 --> Session: Class initialized using 'CodeIgniter\Session\Handlers\FileHandler' driver.
INFO - 2023-11-13 08:51:50 --> Session: Class initialized using 'CodeIgniter\Session\Handlers\FileHandler' driver.
INFO - 2023-11-13 08:51:50 --> Session: Class initialized using 'CodeIgniter\Session\Handlers\FileHandler' driver.
INFO - 2023-11-13 08:51:55 --> Session: Class initialized using 'CodeIgniter\Session\Handlers\FileHandler' driver.
INFO - 2023-11-13 08:53:28 --> Session: Class initialized using 'CodeIgniter\Session\Handlers\FileHandler' driver.
INFO - 2023-11-13 08:53:30 --> Session: Class initialized using 'CodeIgniter\Session\Handlers\FileHandler' driver.
INFO - 2023-11-13 08:53:31 --> Session: Class initialized using 'CodeIgniter\Session\Handlers\FileHandler' driver.
INFO - 2023-11-13 08:53:33 --> Session: Class initialized using 'CodeIgniter\Session\Handlers\FileHandler' driver.
INFO - 2023-11-13 08:53:34 --> Session: Class initialized using 'CodeIgniter\Session\Handlers\FileHandler' driver.
INFO - 2023-11-13 08:53:37 --> Session: Class initialized using 'CodeIgniter\Session\Handlers\FileHandler' driver.
INFO - 2023-11-13 08:53:37 --> Session: Class initialized using 'CodeIgniter\Session\Handlers\FileHandler' driver.
INFO - 2023-11-13 09:37:16 --> Session: Class initialized using 'CodeIgniter\Session\Handlers\FileHandler' driver.
INFO - 2023-11-13 09:37:20 --> Session: Class initialized using 'CodeIgniter\Session\Handlers\FileHandler' driver.
INFO - 2023-11-13 09:37:20 --> Session: Class initialized using 'CodeIgniter\Session\Handlers\FileHandler' driver.
INFO - 2023-11-13 09:37:29 --> Session: Class initialized using 'CodeIgniter\Session\Handlers\FileHandler' driver.
INFO - 2023-11-13 09:37:31 --> Session: Class initialized using 'CodeIgniter\Session\Handlers\FileHandler' driver.
INFO - 2023-11-13 09:37:35 --> Session: Class initialized using 'CodeIgniter\Session\Handlers\FileHandler' driver.
INFO - 2023-11-13 09:37:36 --> Session: Class initialized using 'CodeIgniter\Session\Handlers\FileHandler' driver.
INFO - 2023-11-13 09:37:38 --> Session: Class initialized using 'CodeIgniter\Session\Handlers\FileHandler' driver.
INFO - 2023-11-13 09:37:40 --> Session: Class initialized using 'CodeIgniter\Session\Handlers\FileHandler' driver.
INFO - 2023-11-13 09:40:10 --> Session: Class initialized using 'CodeIgniter\Session\Handlers\FileHandler' driver.
INFO - 2023-11-13 09:40:14 --> Session: Class initialized using 'CodeIgniter\Session\Handlers\FileHandler' driver.
INFO - 2023-11-13 09:40:14 --> Session: Class initialized using 'CodeIgniter\Session\Handlers\FileHandler' driver.
INFO - 2023-11-13 09:40:19 --> Session: Class initialized using 'CodeIgniter\Session\Handlers\FileHandler' driver.
INFO - 2023-11-13 09:40:19 --> Session: Class initialized using 'CodeIgniter\Session\Handlers\FileHandler' driver.
INFO - 2023-11-13 09:40:23 --> Session: Class initialized using 'CodeIgniter\Session\Handlers\FileHandler' driver.
INFO - 2023-11-13 09:40:27 --> Session: Class initialized using 'CodeIgniter\Session\Handlers\FileHandler' driver.
INFO - 2023-11-13 09:40:34 --> Session: Class initialized using 'CodeIgniter\Session\Handlers\FileHandler' driver.
INFO - 2023-11-13 09:40:35 --> Session: Class initialized using 'CodeIgniter\Session\Handlers\FileHandler' driver.
INFO - 2023-11-13 09:40:37 --> Session: Class initialized using 'CodeIgniter\Session\Handlers\FileHandler' driver.
INFO - 2023-11-13 09:40:37 --> Session: Class initialized using 'CodeIgniter\Session\Handlers\FileHandler' driver.
INFO - 2023-11-13 09:40:39 --> Session: Class initialized using 'CodeIgniter\Session\Handlers\FileHandler' driver.
INFO - 2023-11-13 09:40:40 --> Session: Class initialized using 'CodeIgniter\Session\Handlers\FileHandler' driver.
INFO - 2023-11-13 09:40:42 --> Session: Class initialized using 'CodeIgniter\Session\Handlers\FileHandler' driver.
INFO - 2023-11-13 09:40:42 --> Session: Class initialized using 'CodeIgniter\Session\Handlers\FileHandler' driver.
INFO - 2023-11-13 09:42:02 --> Session: Class initialized using 'CodeIgniter\Session\Handlers\FileHandler' driver.
INFO - 2023-11-13 09:42:05 --> Session: Class initialized using 'CodeIgniter\Session\Handlers\FileHandler' driver.
CRITICAL - 2023-11-13 09:42:05 --> Undefined index: devisi
in APPPATH\Views\admin\absen_view.php on line 45.
 1 APPPATH\Views\admin\absen_view.php(45): CodeIgniter\Debug\Exceptions->errorHandler(8, 'Undefined index: devisi', 'E:\\xampp\\htdocs\\absen\\app\\Views\\admin\\absen_view.php', 45, [...])
 2 SYSTEMPATH\View\View.php(224): include('E:\\xampp\\htdocs\\absen\\app\\Views\\admin\\absen_view.php')
 3 SYSTEMPATH\View\View.php(227): CodeIgniter\View\View->CodeIgniter\View\{closure}()
 4 SYSTEMPATH\Common.php(1180): CodeIgniter\View\View->render('admin/absen_view', [], true)
 5 APPPATH\Views\admin\template\temp_admin.php(93): view('admin/absen_view')
 6 SYSTEMPATH\View\View.php(224): include('E:\\xampp\\htdocs\\absen\\app\\Views\\admin\\template\\temp_admin.php')
 7 SYSTEMPATH\View\View.php(227): CodeIgniter\View\View->CodeIgniter\View\{closure}()
 8 SYSTEMPATH\Common.php(1180): CodeIgniter\View\View->render('admin/template/temp_admin', [], true)
 9 APPPATH\Controllers\Absensi.php(80): view('admin/template/temp_admin', [...])
10 SYSTEMPATH\CodeIgniter.php(932): App\Controllers\Absensi->Admin()
11 SYSTEMPATH\CodeIgniter.php(497): CodeIgniter\CodeIgniter->runController(Object(App\Controllers\Absensi))
12 SYSTEMPATH\CodeIgniter.php(366): CodeIgniter\CodeIgniter->handleRequest(null, Object(Config\Cache), false)
13 FCPATH\index.php(67): CodeIgniter\CodeIgniter->run()
INFO - 2023-11-13 09:42:08 --> Session: Class initialized using 'CodeIgniter\Session\Handlers\FileHandler' driver.
CRITICAL - 2023-11-13 09:42:08 --> Undefined index: devisi
in APPPATH\Views\admin\absen_view.php on line 45.
 1 APPPATH\Views\admin\absen_view.php(45): CodeIgniter\Debug\Exceptions->errorHandler(8, 'Undefined index: devisi', 'E:\\xampp\\htdocs\\absen\\app\\Views\\admin\\absen_view.php', 45, [...])
 2 SYSTEMPATH\View\View.php(224): include('E:\\xampp\\htdocs\\absen\\app\\Views\\admin\\absen_view.php')
 3 SYSTEMPATH\View\View.php(227): CodeIgniter\View\View->CodeIgniter\View\{closure}()
 4 SYSTEMPATH\Common.php(1180): CodeIgniter\View\View->render('admin/absen_view', [], true)
 5 APPPATH\Views\admin\template\temp_admin.php(93): view('admin/absen_view')
 6 SYSTEMPATH\View\View.php(224): include('E:\\xampp\\htdocs\\absen\\app\\Views\\admin\\template\\temp_admin.php')
 7 SYSTEMPATH\View\View.php(227): CodeIgniter\View\View->CodeIgniter\View\{closure}()
 8 SYSTEMPATH\Common.php(1180): CodeIgniter\View\View->render('admin/template/temp_admin', [], true)
 9 APPPATH\Controllers\Absensi.php(80): view('admin/template/temp_admin', [...])
10 SYSTEMPATH\CodeIgniter.php(932): App\Controllers\Absensi->Admin()
11 SYSTEMPATH\CodeIgniter.php(497): CodeIgniter\CodeIgniter->runController(Object(App\Controllers\Absensi))
12 SYSTEMPATH\CodeIgniter.php(366): CodeIgniter\CodeIgniter->handleRequest(null, Object(Config\Cache), false)
13 FCPATH\index.php(67): CodeIgniter\CodeIgniter->run()
INFO - 2023-11-13 09:42:24 --> Session: Class initialized using 'CodeIgniter\Session\Handlers\FileHandler' driver.
INFO - 2023-11-13 09:42:49 --> Session: Class initialized using 'CodeIgniter\Session\Handlers\FileHandler' driver.
INFO - 2023-11-13 09:42:54 --> Session: Class initialized using 'CodeIgniter\Session\Handlers\FileHandler' driver.
INFO - 2023-11-13 09:43:25 --> Session: Class initialized using 'CodeIgniter\Session\Handlers\FileHandler' driver.
INFO - 2023-11-13 09:44:36 --> Session: Class initialized using 'CodeIgniter\Session\Handlers\FileHandler' driver.
INFO - 2023-11-13 09:46:42 --> Session: Class initialized using 'CodeIgniter\Session\Handlers\FileHandler' driver.
INFO - 2023-11-13 09:46:53 --> Session: Class initialized using 'CodeIgniter\Session\Handlers\FileHandler' driver.
INFO - 2023-11-13 09:48:48 --> Session: Class initialized using 'CodeIgniter\Session\Handlers\FileHandler' driver.
INFO - 2023-11-13 09:50:11 --> Session: Class initialized using 'CodeIgniter\Session\Handlers\FileHandler' driver.
INFO - 2023-11-13 09:51:48 --> Session: Class initialized using 'CodeIgniter\Session\Handlers\FileHandler' driver.
INFO - 2023-11-13 09:53:04 --> Session: Class initialized using 'CodeIgniter\Session\Handlers\FileHandler' driver.
CRITICAL - 2023-11-13 09:53:04 --> Undefined index: telat_masuk
in APPPATH\Views\admin\absen_view.php on line 40.
 1 APPPATH\Views\admin\absen_view.php(40): CodeIgniter\Debug\Exceptions->errorHandler(8, 'Undefined index: telat_masuk', 'E:\\xampp\\htdocs\\absen\\app\\Views\\admin\\absen_view.php', 40, [...])
 2 SYSTEMPATH\View\View.php(224): include('E:\\xampp\\htdocs\\absen\\app\\Views\\admin\\absen_view.php')
 3 SYSTEMPATH\View\View.php(227): CodeIgniter\View\View->CodeIgniter\View\{closure}()
 4 SYSTEMPATH\Common.php(1180): CodeIgniter\View\View->render('admin/absen_view', [], true)
 5 APPPATH\Views\admin\template\temp_admin.php(93): view('admin/absen_view')
 6 SYSTEMPATH\View\View.php(224): include('E:\\xampp\\htdocs\\absen\\app\\Views\\admin\\template\\temp_admin.php')
 7 SYSTEMPATH\View\View.php(227): CodeIgniter\View\View->CodeIgniter\View\{closure}()
 8 SYSTEMPATH\Common.php(1180): CodeIgniter\View\View->render('admin/template/temp_admin', [], true)
 9 APPPATH\Controllers\Absensi.php(82): view('admin/template/temp_admin', [...])
10 SYSTEMPATH\CodeIgniter.php(932): App\Controllers\Absensi->Admin()
11 SYSTEMPATH\CodeIgniter.php(497): CodeIgniter\CodeIgniter->runController(Object(App\Controllers\Absensi))
12 SYSTEMPATH\CodeIgniter.php(366): CodeIgniter\CodeIgniter->handleRequest(null, Object(Config\Cache), false)
13 FCPATH\index.php(67): CodeIgniter\CodeIgniter->run()
INFO - 2023-11-13 09:53:39 --> Session: Class initialized using 'CodeIgniter\Session\Handlers\FileHandler' driver.
CRITICAL - 2023-11-13 09:53:39 --> Undefined index: telat_masuk
in APPPATH\Views\admin\absen_view.php on line 40.
 1 APPPATH\Views\admin\absen_view.php(40): CodeIgniter\Debug\Exceptions->errorHandler(8, 'Undefined index: telat_masuk', 'E:\\xampp\\htdocs\\absen\\app\\Views\\admin\\absen_view.php', 40, [...])
 2 SYSTEMPATH\View\View.php(224): include('E:\\xampp\\htdocs\\absen\\app\\Views\\admin\\absen_view.php')
 3 SYSTEMPATH\View\View.php(227): CodeIgniter\View\View->CodeIgniter\View\{closure}()
 4 SYSTEMPATH\Common.php(1180): CodeIgniter\View\View->render('admin/absen_view', [], true)
 5 APPPATH\Views\admin\template\temp_admin.php(93): view('admin/absen_view')
 6 SYSTEMPATH\View\View.php(224): include('E:\\xampp\\htdocs\\absen\\app\\Views\\admin\\template\\temp_admin.php')
 7 SYSTEMPATH\View\View.php(227): CodeIgniter\View\View->CodeIgniter\View\{closure}()
 8 SYSTEMPATH\Common.php(1180): CodeIgniter\View\View->render('admin/template/temp_admin', [], true)
 9 APPPATH\Controllers\Absensi.php(82): view('admin/template/temp_admin', [...])
10 SYSTEMPATH\CodeIgniter.php(932): App\Controllers\Absensi->Admin()
11 SYSTEMPATH\CodeIgniter.php(497): CodeIgniter\CodeIgniter->runController(Object(App\Controllers\Absensi))
12 SYSTEMPATH\CodeIgniter.php(366): CodeIgniter\CodeIgniter->handleRequest(null, Object(Config\Cache), false)
13 FCPATH\index.php(67): CodeIgniter\CodeIgniter->run()
INFO - 2023-11-13 09:53:56 --> Session: Class initialized using 'CodeIgniter\Session\Handlers\FileHandler' driver.
INFO - 2023-11-13 09:57:04 --> Session: Class initialized using 'CodeIgniter\Session\Handlers\FileHandler' driver.
INFO - 2023-11-13 09:57:32 --> Session: Class initialized using 'CodeIgniter\Session\Handlers\FileHandler' driver.
INFO - 2023-11-13 09:58:05 --> Session: Class initialized using 'CodeIgniter\Session\Handlers\FileHandler' driver.
INFO - 2023-11-13 09:59:50 --> Session: Class initialized using 'CodeIgniter\Session\Handlers\FileHandler' driver.
INFO - 2023-11-13 10:01:28 --> Session: Class initialized using 'CodeIgniter\Session\Handlers\FileHandler' driver.
INFO - 2023-11-13 10:02:12 --> Session: Class initialized using 'CodeIgniter\Session\Handlers\FileHandler' driver.
INFO - 2023-11-13 10:02:16 --> Session: Class initialized using 'CodeIgniter\Session\Handlers\FileHandler' driver.
INFO - 2023-11-13 10:02:17 --> Session: Class initialized using 'CodeIgniter\Session\Handlers\FileHandler' driver.
INFO - 2023-11-13 10:02:24 --> Session: Class initialized using 'CodeIgniter\Session\Handlers\FileHandler' driver.
INFO - 2023-11-13 10:02:25 --> Session: Class initialized using 'CodeIgniter\Session\Handlers\FileHandler' driver.
INFO - 2023-11-13 10:02:40 --> Session: Class initialized using 'CodeIgniter\Session\Handlers\FileHandler' driver.
INFO - 2023-11-13 10:02:43 --> Session: Class initialized using 'CodeIgniter\Session\Handlers\FileHandler' driver.
INFO - 2023-11-13 10:02:54 --> Session: Class initialized using 'CodeIgniter\Session\Handlers\FileHandler' driver.
INFO - 2023-11-13 10:02:54 --> Session: Class initialized using 'CodeIgniter\Session\Handlers\FileHandler' driver.
INFO - 2023-11-13 10:02:59 --> Session: Class initialized using 'CodeIgniter\Session\Handlers\FileHandler' driver.
INFO - 2023-11-13 10:03:00 --> Session: Class initialized using 'CodeIgniter\Session\Handlers\FileHandler' driver.
INFO - 2023-11-13 10:03:02 --> Session: Class initialized using 'CodeIgniter\Session\Handlers\FileHandler' driver.
INFO - 2023-11-13 10:03:04 --> Session: Class initialized using 'CodeIgniter\Session\Handlers\FileHandler' driver.
INFO - 2023-11-13 10:08:20 --> Session: Class initialized using 'CodeIgniter\Session\Handlers\FileHandler' driver.
INFO - 2023-11-13 10:08:20 --> Session: Class initialized using 'CodeIgniter\Session\Handlers\FileHandler' driver.
INFO - 2023-11-13 10:09:49 --> Session: Class initialized using 'CodeIgniter\Session\Handlers\FileHandler' driver.
INFO - 2023-11-13 10:09:50 --> Session: Class initialized using 'CodeIgniter\Session\Handlers\FileHandler' driver.
INFO - 2023-11-13 10:09:52 --> Session: Class initialized using 'CodeIgniter\Session\Handlers\FileHandler' driver.
INFO - 2023-11-13 10:09:53 --> Session: Class initialized using 'CodeIgniter\Session\Handlers\FileHandler' driver.
INFO - 2023-11-13 10:09:53 --> Session: Class initialized using 'CodeIgniter\Session\Handlers\FileHandler' driver.
INFO - 2023-11-13 10:10:16 --> Session: Class initialized using 'CodeIgniter\Session\Handlers\FileHandler' driver.
INFO - 2023-11-13 10:10:18 --> Session: Class initialized using 'CodeIgniter\Session\Handlers\FileHandler' driver.
INFO - 2023-11-13 10:10:20 --> Session: Class initialized using 'CodeIgniter\Session\Handlers\FileHandler' driver.
INFO - 2023-11-13 10:10:20 --> Session: Class initialized using 'CodeIgniter\Session\Handlers\FileHandler' driver.
INFO - 2023-11-13 10:13:29 --> Session: Class initialized using 'CodeIgniter\Session\Handlers\FileHandler' driver.
INFO - 2023-11-13 10:13:31 --> Session: Class initialized using 'CodeIgniter\Session\Handlers\FileHandler' driver.
INFO - 2023-11-13 10:13:31 --> Session: Class initialized using 'CodeIgniter\Session\Handlers\FileHandler' driver.
INFO - 2023-11-13 10:16:12 --> Session: Class initialized using 'CodeIgniter\Session\Handlers\FileHandler' driver.
INFO - 2023-11-13 10:16:17 --> Session: Class initialized using 'CodeIgniter\Session\Handlers\FileHandler' driver.
INFO - 2023-11-13 10:16:17 --> Session: Class initialized using 'CodeIgniter\Session\Handlers\FileHandler' driver.
INFO - 2023-11-13 10:16:40 --> Session: Class initialized using 'CodeIgniter\Session\Handlers\FileHandler' driver.
INFO - 2023-11-13 10:16:54 --> Session: Class initialized using 'CodeIgniter\Session\Handlers\FileHandler' driver.
INFO - 2023-11-13 10:16:55 --> Session: Class initialized using 'CodeIgniter\Session\Handlers\FileHandler' driver.
INFO - 2023-11-13 10:16:55 --> Session: Class initialized using 'CodeIgniter\Session\Handlers\FileHandler' driver.
INFO - 2023-11-13 10:17:05 --> Session: Class initialized using 'CodeIgniter\Session\Handlers\FileHandler' driver.
INFO - 2023-11-13 10:17:07 --> Session: Class initialized using 'CodeIgniter\Session\Handlers\FileHandler' driver.
INFO - 2023-11-13 10:17:07 --> Session: Class initialized using 'CodeIgniter\Session\Handlers\FileHandler' driver.
INFO - 2023-11-13 10:18:47 --> Session: Class initialized using 'CodeIgniter\Session\Handlers\FileHandler' driver.
INFO - 2023-11-13 10:23:12 --> Session: Class initialized using 'CodeIgniter\Session\Handlers\FileHandler' driver.
CRITICAL - 2023-11-13 10:23:12 --> Undefined variable: hasAbsenToday
in APPPATH\Views\user\user_dashboard.php on line 37.
 1 APPPATH\Views\user\user_dashboard.php(37): CodeIgniter\Debug\Exceptions->errorHandler(8, 'Undefined variable: hasAbsenToday', 'E:\\xampp\\htdocs\\absen\\app\\Views\\user\\user_dashboard.php', 37, [...])
 2 SYSTEMPATH\View\View.php(224): include('E:\\xampp\\htdocs\\absen\\app\\Views\\user\\user_dashboard.php')
 3 SYSTEMPATH\View\View.php(227): CodeIgniter\View\View->CodeIgniter\View\{closure}()
 4 SYSTEMPATH\Common.php(1180): CodeIgniter\View\View->render('user/user_dashboard', [], true)
 5 APPPATH\Views\user\template\temp_user.php(93): view('user/user_dashboard')
 6 SYSTEMPATH\View\View.php(224): include('E:\\xampp\\htdocs\\absen\\app\\Views\\user\\template\\temp_user.php')
 7 SYSTEMPATH\View\View.php(227): CodeIgniter\View\View->CodeIgniter\View\{closure}()
 8 SYSTEMPATH\Common.php(1180): CodeIgniter\View\View->render('user/template/temp_user', [], true)
 9 APPPATH\Controllers\Dashboard.php(75): view('user/template/temp_user', [...])
10 SYSTEMPATH\CodeIgniter.php(932): App\Controllers\Dashboard->index()
11 SYSTEMPATH\CodeIgniter.php(497): CodeIgniter\CodeIgniter->runController(Object(App\Controllers\Dashboard))
12 SYSTEMPATH\CodeIgniter.php(366): CodeIgniter\CodeIgniter->handleRequest(null, Object(Config\Cache), false)
13 FCPATH\index.php(67): CodeIgniter\CodeIgniter->run()
INFO - 2023-11-13 10:23:41 --> Session: Class initialized using 'CodeIgniter\Session\Handlers\FileHandler' driver.
CRITICAL - 2023-11-13 10:23:41 --> Undefined variable: hasAbsenToday
in APPPATH\Views\user\user_dashboard.php on line 37.
 1 APPPATH\Views\user\user_dashboard.php(37): CodeIgniter\Debug\Exceptions->errorHandler(8, 'Undefined variable: hasAbsenToday', 'E:\\xampp\\htdocs\\absen\\app\\Views\\user\\user_dashboard.php', 37, [...])
 2 SYSTEMPATH\View\View.php(224): include('E:\\xampp\\htdocs\\absen\\app\\Views\\user\\user_dashboard.php')
 3 SYSTEMPATH\View\View.php(227): CodeIgniter\View\View->CodeIgniter\View\{closure}()
 4 SYSTEMPATH\Common.php(1180): CodeIgniter\View\View->render('user/user_dashboard', [], true)
 5 APPPATH\Views\user\template\temp_user.php(93): view('user/user_dashboard')
 6 SYSTEMPATH\View\View.php(224): include('E:\\xampp\\htdocs\\absen\\app\\Views\\user\\template\\temp_user.php')
 7 SYSTEMPATH\View\View.php(227): CodeIgniter\View\View->CodeIgniter\View\{closure}()
 8 SYSTEMPATH\Common.php(1180): CodeIgniter\View\View->render('user/template/temp_user', [], true)
 9 APPPATH\Controllers\Dashboard.php(75): view('user/template/temp_user', [...])
10 SYSTEMPATH\CodeIgniter.php(932): App\Controllers\Dashboard->index()
11 SYSTEMPATH\CodeIgniter.php(497): CodeIgniter\CodeIgniter->runController(Object(App\Controllers\Dashboard))
12 SYSTEMPATH\CodeIgniter.php(366): CodeIgniter\CodeIgniter->handleRequest(null, Object(Config\Cache), false)
13 FCPATH\index.php(67): CodeIgniter\CodeIgniter->run()
INFO - 2023-11-13 10:24:57 --> Session: Class initialized using 'CodeIgniter\Session\Handlers\FileHandler' driver.
CRITICAL - 2023-11-13 10:24:57 --> Undefined variable: hasAbsenToday
in APPPATH\Views\user\user_dashboard.php on line 37.
 1 APPPATH\Views\user\user_dashboard.php(37): CodeIgniter\Debug\Exceptions->errorHandler(8, 'Undefined variable: hasAbsenToday', 'E:\\xampp\\htdocs\\absen\\app\\Views\\user\\user_dashboard.php', 37, [...])
 2 SYSTEMPATH\View\View.php(224): include('E:\\xampp\\htdocs\\absen\\app\\Views\\user\\user_dashboard.php')
 3 SYSTEMPATH\View\View.php(227): CodeIgniter\View\View->CodeIgniter\View\{closure}()
 4 SYSTEMPATH\Common.php(1180): CodeIgniter\View\View->render('user/user_dashboard', [], true)
 5 APPPATH\Views\user\template\temp_user.php(93): view('user/user_dashboard')
 6 SYSTEMPATH\View\View.php(224): include('E:\\xampp\\htdocs\\absen\\app\\Views\\user\\template\\temp_user.php')
 7 SYSTEMPATH\View\View.php(227): CodeIgniter\View\View->CodeIgniter\View\{closure}()
 8 SYSTEMPATH\Common.php(1180): CodeIgniter\View\View->render('user/template/temp_user', [], true)
 9 APPPATH\Controllers\Dashboard.php(75): view('user/template/temp_user', [...])
10 SYSTEMPATH\CodeIgniter.php(932): App\Controllers\Dashboard->index()
11 SYSTEMPATH\CodeIgniter.php(497): CodeIgniter\CodeIgniter->runController(Object(App\Controllers\Dashboard))
12 SYSTEMPATH\CodeIgniter.php(366): CodeIgniter\CodeIgniter->handleRequest(null, Object(Config\Cache), false)
13 FCPATH\index.php(67): CodeIgniter\CodeIgniter->run()
INFO - 2023-11-13 10:25:23 --> Session: Class initialized using 'CodeIgniter\Session\Handlers\FileHandler' driver.
CRITICAL - 2023-11-13 10:25:23 --> Undefined variable: hasAbsenToday
in APPPATH\Views\user\user_dashboard.php on line 37.
 1 APPPATH\Views\user\user_dashboard.php(37): CodeIgniter\Debug\Exceptions->errorHandler(8, 'Undefined variable: hasAbsenToday', 'E:\\xampp\\htdocs\\absen\\app\\Views\\user\\user_dashboard.php', 37, [...])
 2 SYSTEMPATH\View\View.php(224): include('E:\\xampp\\htdocs\\absen\\app\\Views\\user\\user_dashboard.php')
 3 SYSTEMPATH\View\View.php(227): CodeIgniter\View\View->CodeIgniter\View\{closure}()
 4 SYSTEMPATH\Common.php(1180): CodeIgniter\View\View->render('user/user_dashboard', [], true)
 5 APPPATH\Views\user\template\temp_user.php(93): view('user/user_dashboard')
 6 SYSTEMPATH\View\View.php(224): include('E:\\xampp\\htdocs\\absen\\app\\Views\\user\\template\\temp_user.php')
 7 SYSTEMPATH\View\View.php(227): CodeIgniter\View\View->CodeIgniter\View\{closure}()
 8 SYSTEMPATH\Common.php(1180): CodeIgniter\View\View->render('user/template/temp_user', [], true)
 9 APPPATH\Controllers\Dashboard.php(75): view('user/template/temp_user', [...])
10 SYSTEMPATH\CodeIgniter.php(932): App\Controllers\Dashboard->index()
11 SYSTEMPATH\CodeIgniter.php(497): CodeIgniter\CodeIgniter->runController(Object(App\Controllers\Dashboard))
12 SYSTEMPATH\CodeIgniter.php(366): CodeIgniter\CodeIgniter->handleRequest(null, Object(Config\Cache), false)
13 FCPATH\index.php(67): CodeIgniter\CodeIgniter->run()
INFO - 2023-11-13 10:25:40 --> Session: Class initialized using 'CodeIgniter\Session\Handlers\FileHandler' driver.
CRITICAL - 2023-11-13 10:25:40 --> Undefined variable: hasAbsenToday
in APPPATH\Views\user\user_dashboard.php on line 37.
 1 APPPATH\Views\user\user_dashboard.php(37): CodeIgniter\Debug\Exceptions->errorHandler(8, 'Undefined variable: hasAbsenToday', 'E:\\xampp\\htdocs\\absen\\app\\Views\\user\\user_dashboard.php', 37, [...])
 2 SYSTEMPATH\View\View.php(224): include('E:\\xampp\\htdocs\\absen\\app\\Views\\user\\user_dashboard.php')
 3 SYSTEMPATH\View\View.php(227): CodeIgniter\View\View->CodeIgniter\View\{closure}()
 4 SYSTEMPATH\Common.php(1180): CodeIgniter\View\View->render('user/user_dashboard', [], true)
 5 APPPATH\Views\user\template\temp_user.php(93): view('user/user_dashboard')
 6 SYSTEMPATH\View\View.php(224): include('E:\\xampp\\htdocs\\absen\\app\\Views\\user\\template\\temp_user.php')
 7 SYSTEMPATH\View\View.php(227): CodeIgniter\View\View->CodeIgniter\View\{closure}()
 8 SYSTEMPATH\Common.php(1180): CodeIgniter\View\View->render('user/template/temp_user', [], true)
 9 APPPATH\Controllers\Dashboard.php(75): view('user/template/temp_user', [...])
10 SYSTEMPATH\CodeIgniter.php(932): App\Controllers\Dashboard->index()
11 SYSTEMPATH\CodeIgniter.php(497): CodeIgniter\CodeIgniter->runController(Object(App\Controllers\Dashboard))
12 SYSTEMPATH\CodeIgniter.php(366): CodeIgniter\CodeIgniter->handleRequest(null, Object(Config\Cache), false)
13 FCPATH\index.php(67): CodeIgniter\CodeIgniter->run()
INFO - 2023-11-13 10:28:30 --> Session: Class initialized using 'CodeIgniter\Session\Handlers\FileHandler' driver.
CRITICAL - 2023-11-13 10:28:30 --> Undefined variable: hasAbsenToday
in APPPATH\Views\user\user_dashboard.php on line 37.
 1 APPPATH\Views\user\user_dashboard.php(37): CodeIgniter\Debug\Exceptions->errorHandler(8, 'Undefined variable: hasAbsenToday', 'E:\\xampp\\htdocs\\absen\\app\\Views\\user\\user_dashboard.php', 37, [...])
 2 SYSTEMPATH\View\View.php(224): include('E:\\xampp\\htdocs\\absen\\app\\Views\\user\\user_dashboard.php')
 3 SYSTEMPATH\View\View.php(227): CodeIgniter\View\View->CodeIgniter\View\{closure}()
 4 SYSTEMPATH\Common.php(1180): CodeIgniter\View\View->render('user/user_dashboard', [], true)
 5 APPPATH\Views\user\template\temp_user.php(93): view('user/user_dashboard')
 6 SYSTEMPATH\View\View.php(224): include('E:\\xampp\\htdocs\\absen\\app\\Views\\user\\template\\temp_user.php')
 7 SYSTEMPATH\View\View.php(227): CodeIgniter\View\View->CodeIgniter\View\{closure}()
 8 SYSTEMPATH\Common.php(1180): CodeIgniter\View\View->render('user/template/temp_user', [], true)
 9 APPPATH\Controllers\Dashboard.php(75): view('user/template/temp_user', [...])
10 SYSTEMPATH\CodeIgniter.php(932): App\Controllers\Dashboard->index()
11 SYSTEMPATH\CodeIgniter.php(497): CodeIgniter\CodeIgniter->runController(Object(App\Controllers\Dashboard))
12 SYSTEMPATH\CodeIgniter.php(366): CodeIgniter\CodeIgniter->handleRequest(null, Object(Config\Cache), false)
13 FCPATH\index.php(67): CodeIgniter\CodeIgniter->run()
INFO - 2023-11-13 10:28:32 --> Session: Class initialized using 'CodeIgniter\Session\Handlers\FileHandler' driver.
CRITICAL - 2023-11-13 10:28:32 --> Undefined variable: hasAbsenToday
in APPPATH\Views\user\user_dashboard.php on line 37.
 1 APPPATH\Views\user\user_dashboard.php(37): CodeIgniter\Debug\Exceptions->errorHandler(8, 'Undefined variable: hasAbsenToday', 'E:\\xampp\\htdocs\\absen\\app\\Views\\user\\user_dashboard.php', 37, [...])
 2 SYSTEMPATH\View\View.php(224): include('E:\\xampp\\htdocs\\absen\\app\\Views\\user\\user_dashboard.php')
 3 SYSTEMPATH\View\View.php(227): CodeIgniter\View\View->CodeIgniter\View\{closure}()
 4 SYSTEMPATH\Common.php(1180): CodeIgniter\View\View->render('user/user_dashboard', [], true)
 5 APPPATH\Views\user\template\temp_user.php(93): view('user/user_dashboard')
 6 SYSTEMPATH\View\View.php(224): include('E:\\xampp\\htdocs\\absen\\app\\Views\\user\\template\\temp_user.php')
 7 SYSTEMPATH\View\View.php(227): CodeIgniter\View\View->CodeIgniter\View\{closure}()
 8 SYSTEMPATH\Common.php(1180): CodeIgniter\View\View->render('user/template/temp_user', [], true)
 9 APPPATH\Controllers\Dashboard.php(75): view('user/template/temp_user', [...])
10 SYSTEMPATH\CodeIgniter.php(932): App\Controllers\Dashboard->index()
11 SYSTEMPATH\CodeIgniter.php(497): CodeIgniter\CodeIgniter->runController(Object(App\Controllers\Dashboard))
12 SYSTEMPATH\CodeIgniter.php(366): CodeIgniter\CodeIgniter->handleRequest(null, Object(Config\Cache), false)
13 FCPATH\index.php(67): CodeIgniter\CodeIgniter->run()
INFO - 2023-11-13 10:30:49 --> Session: Class initialized using 'CodeIgniter\Session\Handlers\FileHandler' driver.
CRITICAL - 2023-11-13 10:30:49 --> Undefined variable: hasAbsenToday
in APPPATH\Views\user\user_dashboard.php on line 37.
 1 APPPATH\Views\user\user_dashboard.php(37): CodeIgniter\Debug\Exceptions->errorHandler(8, 'Undefined variable: hasAbsenToday', 'E:\\xampp\\htdocs\\absen\\app\\Views\\user\\user_dashboard.php', 37, [...])
 2 SYSTEMPATH\View\View.php(224): include('E:\\xampp\\htdocs\\absen\\app\\Views\\user\\user_dashboard.php')
 3 SYSTEMPATH\View\View.php(227): CodeIgniter\View\View->CodeIgniter\View\{closure}()
 4 SYSTEMPATH\Common.php(1180): CodeIgniter\View\View->render('user/user_dashboard', [], true)
 5 APPPATH\Views\user\template\temp_user.php(93): view('user/user_dashboard')
 6 SYSTEMPATH\View\View.php(224): include('E:\\xampp\\htdocs\\absen\\app\\Views\\user\\template\\temp_user.php')
 7 SYSTEMPATH\View\View.php(227): CodeIgniter\View\View->CodeIgniter\View\{closure}()
 8 SYSTEMPATH\Common.php(1180): CodeIgniter\View\View->render('user/template/temp_user', [], true)
 9 APPPATH\Controllers\Dashboard.php(75): view('user/template/temp_user', [...])
10 SYSTEMPATH\CodeIgniter.php(932): App\Controllers\Dashboard->index()
11 SYSTEMPATH\CodeIgniter.php(497): CodeIgniter\CodeIgniter->runController(Object(App\Controllers\Dashboard))
12 SYSTEMPATH\CodeIgniter.php(366): CodeIgniter\CodeIgniter->handleRequest(null, Object(Config\Cache), false)
13 FCPATH\index.php(67): CodeIgniter\CodeIgniter->run()
INFO - 2023-11-13 10:30:51 --> Session: Class initialized using 'CodeIgniter\Session\Handlers\FileHandler' driver.
CRITICAL - 2023-11-13 10:30:51 --> Undefined variable: hasAbsenToday
in APPPATH\Views\user\user_dashboard.php on line 37.
 1 APPPATH\Views\user\user_dashboard.php(37): CodeIgniter\Debug\Exceptions->errorHandler(8, 'Undefined variable: hasAbsenToday', 'E:\\xampp\\htdocs\\absen\\app\\Views\\user\\user_dashboard.php', 37, [...])
 2 SYSTEMPATH\View\View.php(224): include('E:\\xampp\\htdocs\\absen\\app\\Views\\user\\user_dashboard.php')
 3 SYSTEMPATH\View\View.php(227): CodeIgniter\View\View->CodeIgniter\View\{closure}()
 4 SYSTEMPATH\Common.php(1180): CodeIgniter\View\View->render('user/user_dashboard', [], true)
 5 APPPATH\Views\user\template\temp_user.php(93): view('user/user_dashboard')
 6 SYSTEMPATH\View\View.php(224): include('E:\\xampp\\htdocs\\absen\\app\\Views\\user\\template\\temp_user.php')
 7 SYSTEMPATH\View\View.php(227): CodeIgniter\View\View->CodeIgniter\View\{closure}()
 8 SYSTEMPATH\Common.php(1180): CodeIgniter\View\View->render('user/template/temp_user', [], true)
 9 APPPATH\Controllers\Dashboard.php(75): view('user/template/temp_user', [...])
10 SYSTEMPATH\CodeIgniter.php(932): App\Controllers\Dashboard->index()
11 SYSTEMPATH\CodeIgniter.php(497): CodeIgniter\CodeIgniter->runController(Object(App\Controllers\Dashboard))
12 SYSTEMPATH\CodeIgniter.php(366): CodeIgniter\CodeIgniter->handleRequest(null, Object(Config\Cache), false)
13 FCPATH\index.php(67): CodeIgniter\CodeIgniter->run()
INFO - 2023-11-13 10:31:09 --> Session: Class initialized using 'CodeIgniter\Session\Handlers\FileHandler' driver.
CRITICAL - 2023-11-13 10:31:09 --> Undefined variable: hasAbsenToday
in APPPATH\Views\user\user_dashboard.php on line 37.
 1 APPPATH\Views\user\user_dashboard.php(37): CodeIgniter\Debug\Exceptions->errorHandler(8, 'Undefined variable: hasAbsenToday', 'E:\\xampp\\htdocs\\absen\\app\\Views\\user\\user_dashboard.php', 37, [...])
 2 SYSTEMPATH\View\View.php(224): include('E:\\xampp\\htdocs\\absen\\app\\Views\\user\\user_dashboard.php')
 3 SYSTEMPATH\View\View.php(227): CodeIgniter\View\View->CodeIgniter\View\{closure}()
 4 SYSTEMPATH\Common.php(1180): CodeIgniter\View\View->render('user/user_dashboard', [], true)
 5 APPPATH\Views\user\template\temp_user.php(93): view('user/user_dashboard')
 6 SYSTEMPATH\View\View.php(224): include('E:\\xampp\\htdocs\\absen\\app\\Views\\user\\template\\temp_user.php')
 7 SYSTEMPATH\View\View.php(227): CodeIgniter\View\View->CodeIgniter\View\{closure}()
 8 SYSTEMPATH\Common.php(1180): CodeIgniter\View\View->render('user/template/temp_user', [], true)
 9 APPPATH\Controllers\Dashboard.php(75): view('user/template/temp_user', [...])
10 SYSTEMPATH\CodeIgniter.php(932): App\Controllers\Dashboard->index()
11 SYSTEMPATH\CodeIgniter.php(497): CodeIgniter\CodeIgniter->runController(Object(App\Controllers\Dashboard))
12 SYSTEMPATH\CodeIgniter.php(366): CodeIgniter\CodeIgniter->handleRequest(null, Object(Config\Cache), false)
13 FCPATH\index.php(67): CodeIgniter\CodeIgniter->run()
INFO - 2023-11-13 10:32:01 --> Session: Class initialized using 'CodeIgniter\Session\Handlers\FileHandler' driver.
CRITICAL - 2023-11-13 10:32:01 --> Undefined variable: hasAbsenToday
in APPPATH\Views\user\user_dashboard.php on line 37.
 1 APPPATH\Views\user\user_dashboard.php(37): CodeIgniter\Debug\Exceptions->errorHandler(8, 'Undefined variable: hasAbsenToday', 'E:\\xampp\\htdocs\\absen\\app\\Views\\user\\user_dashboard.php', 37, [...])
 2 SYSTEMPATH\View\View.php(224): include('E:\\xampp\\htdocs\\absen\\app\\Views\\user\\user_dashboard.php')
 3 SYSTEMPATH\View\View.php(227): CodeIgniter\View\View->CodeIgniter\View\{closure}()
 4 SYSTEMPATH\Common.php(1180): CodeIgniter\View\View->render('user/user_dashboard', [], true)
 5 APPPATH\Views\user\template\temp_user.php(93): view('user/user_dashboard')
 6 SYSTEMPATH\View\View.php(224): include('E:\\xampp\\htdocs\\absen\\app\\Views\\user\\template\\temp_user.php')
 7 SYSTEMPATH\View\View.php(227): CodeIgniter\View\View->CodeIgniter\View\{closure}()
 8 SYSTEMPATH\Common.php(1180): CodeIgniter\View\View->render('user/template/temp_user', [], true)
 9 APPPATH\Controllers\Dashboard.php(75): view('user/template/temp_user', [...])
10 SYSTEMPATH\CodeIgniter.php(932): App\Controllers\Dashboard->index()
11 SYSTEMPATH\CodeIgniter.php(497): CodeIgniter\CodeIgniter->runController(Object(App\Controllers\Dashboard))
12 SYSTEMPATH\CodeIgniter.php(366): CodeIgniter\CodeIgniter->handleRequest(null, Object(Config\Cache), false)
13 FCPATH\index.php(67): CodeIgniter\CodeIgniter->run()
INFO - 2023-11-13 10:34:03 --> Session: Class initialized using 'CodeIgniter\Session\Handlers\FileHandler' driver.
CRITICAL - 2023-11-13 10:34:03 --> Undefined variable: hasAbsenToday
in APPPATH\Views\user\user_dashboard.php on line 37.
 1 APPPATH\Views\user\user_dashboard.php(37): CodeIgniter\Debug\Exceptions->errorHandler(8, 'Undefined variable: hasAbsenToday', 'E:\\xampp\\htdocs\\absen\\app\\Views\\user\\user_dashboard.php', 37, [...])
 2 SYSTEMPATH\View\View.php(224): include('E:\\xampp\\htdocs\\absen\\app\\Views\\user\\user_dashboard.php')
 3 SYSTEMPATH\View\View.php(227): CodeIgniter\View\View->CodeIgniter\View\{closure}()
 4 SYSTEMPATH\Common.php(1180): CodeIgniter\View\View->render('user/user_dashboard', [], true)
 5 APPPATH\Views\user\template\temp_user.php(93): view('user/user_dashboard')
 6 SYSTEMPATH\View\View.php(224): include('E:\\xampp\\htdocs\\absen\\app\\Views\\user\\template\\temp_user.php')
 7 SYSTEMPATH\View\View.php(227): CodeIgniter\View\View->CodeIgniter\View\{closure}()
 8 SYSTEMPATH\Common.php(1180): CodeIgniter\View\View->render('user/template/temp_user', [], true)
 9 APPPATH\Controllers\Dashboard.php(75): view('user/template/temp_user', [...])
10 SYSTEMPATH\CodeIgniter.php(932): App\Controllers\Dashboard->index()
11 SYSTEMPATH\CodeIgniter.php(497): CodeIgniter\CodeIgniter->runController(Object(App\Controllers\Dashboard))
12 SYSTEMPATH\CodeIgniter.php(366): CodeIgniter\CodeIgniter->handleRequest(null, Object(Config\Cache), false)
13 FCPATH\index.php(67): CodeIgniter\CodeIgniter->run()
INFO - 2023-11-13 10:34:05 --> Session: Class initialized using 'CodeIgniter\Session\Handlers\FileHandler' driver.
CRITICAL - 2023-11-13 10:34:05 --> Undefined variable: hasAbsenToday
in APPPATH\Views\user\user_dashboard.php on line 37.
 1 APPPATH\Views\user\user_dashboard.php(37): CodeIgniter\Debug\Exceptions->errorHandler(8, 'Undefined variable: hasAbsenToday', 'E:\\xampp\\htdocs\\absen\\app\\Views\\user\\user_dashboard.php', 37, [...])
 2 SYSTEMPATH\View\View.php(224): include('E:\\xampp\\htdocs\\absen\\app\\Views\\user\\user_dashboard.php')
 3 SYSTEMPATH\View\View.php(227): CodeIgniter\View\View->CodeIgniter\View\{closure}()
 4 SYSTEMPATH\Common.php(1180): CodeIgniter\View\View->render('user/user_dashboard', [], true)
 5 APPPATH\Views\user\template\temp_user.php(93): view('user/user_dashboard')
 6 SYSTEMPATH\View\View.php(224): include('E:\\xampp\\htdocs\\absen\\app\\Views\\user\\template\\temp_user.php')
 7 SYSTEMPATH\View\View.php(227): CodeIgniter\View\View->CodeIgniter\View\{closure}()
 8 SYSTEMPATH\Common.php(1180): CodeIgniter\View\View->render('user/template/temp_user', [], true)
 9 APPPATH\Controllers\Dashboard.php(75): view('user/template/temp_user', [...])
10 SYSTEMPATH\CodeIgniter.php(932): App\Controllers\Dashboard->index()
11 SYSTEMPATH\CodeIgniter.php(497): CodeIgniter\CodeIgniter->runController(Object(App\Controllers\Dashboard))
12 SYSTEMPATH\CodeIgniter.php(366): CodeIgniter\CodeIgniter->handleRequest(null, Object(Config\Cache), false)
13 FCPATH\index.php(67): CodeIgniter\CodeIgniter->run()
INFO - 2023-11-13 10:34:05 --> Session: Class initialized using 'CodeIgniter\Session\Handlers\FileHandler' driver.
CRITICAL - 2023-11-13 10:34:05 --> Undefined variable: hasAbsenToday
in APPPATH\Views\user\user_dashboard.php on line 37.
 1 APPPATH\Views\user\user_dashboard.php(37): CodeIgniter\Debug\Exceptions->errorHandler(8, 'Undefined variable: hasAbsenToday', 'E:\\xampp\\htdocs\\absen\\app\\Views\\user\\user_dashboard.php', 37, [...])
 2 SYSTEMPATH\View\View.php(224): include('E:\\xampp\\htdocs\\absen\\app\\Views\\user\\user_dashboard.php')
 3 SYSTEMPATH\View\View.php(227): CodeIgniter\View\View->CodeIgniter\View\{closure}()
 4 SYSTEMPATH\Common.php(1180): CodeIgniter\View\View->render('user/user_dashboard', [], true)
 5 APPPATH\Views\user\template\temp_user.php(93): view('user/user_dashboard')
 6 SYSTEMPATH\View\View.php(224): include('E:\\xampp\\htdocs\\absen\\app\\Views\\user\\template\\temp_user.php')
 7 SYSTEMPATH\View\View.php(227): CodeIgniter\View\View->CodeIgniter\View\{closure}()
 8 SYSTEMPATH\Common.php(1180): CodeIgniter\View\View->render('user/template/temp_user', [], true)
 9 APPPATH\Controllers\Dashboard.php(75): view('user/template/temp_user', [...])
10 SYSTEMPATH\CodeIgniter.php(932): App\Controllers\Dashboard->index()
11 SYSTEMPATH\CodeIgniter.php(497): CodeIgniter\CodeIgniter->runController(Object(App\Controllers\Dashboard))
12 SYSTEMPATH\CodeIgniter.php(366): CodeIgniter\CodeIgniter->handleRequest(null, Object(Config\Cache), false)
13 FCPATH\index.php(67): CodeIgniter\CodeIgniter->run()
INFO - 2023-11-13 10:34:06 --> Session: Class initialized using 'CodeIgniter\Session\Handlers\FileHandler' driver.
INFO - 2023-11-13 10:34:07 --> Session: Class initialized using 'CodeIgniter\Session\Handlers\FileHandler' driver.
CRITICAL - 2023-11-13 10:34:07 --> Undefined variable: hasAbsenToday
in APPPATH\Views\user\user_dashboard.php on line 37.
 1 APPPATH\Views\user\user_dashboard.php(37): CodeIgniter\Debug\Exceptions->errorHandler(8, 'Undefined variable: hasAbsenToday', 'E:\\xampp\\htdocs\\absen\\app\\Views\\user\\user_dashboard.php', 37, [...])
 2 SYSTEMPATH\View\View.php(224): include('E:\\xampp\\htdocs\\absen\\app\\Views\\user\\user_dashboard.php')
 3 SYSTEMPATH\View\View.php(227): CodeIgniter\View\View->CodeIgniter\View\{closure}()
 4 SYSTEMPATH\Common.php(1180): CodeIgniter\View\View->render('user/user_dashboard', [], true)
 5 APPPATH\Views\user\template\temp_user.php(93): view('user/user_dashboard')
 6 SYSTEMPATH\View\View.php(224): include('E:\\xampp\\htdocs\\absen\\app\\Views\\user\\template\\temp_user.php')
 7 SYSTEMPATH\View\View.php(227): CodeIgniter\View\View->CodeIgniter\View\{closure}()
 8 SYSTEMPATH\Common.php(1180): CodeIgniter\View\View->render('user/template/temp_user', [], true)
 9 APPPATH\Controllers\Dashboard.php(75): view('user/template/temp_user', [...])
10 SYSTEMPATH\CodeIgniter.php(932): App\Controllers\Dashboard->index()
11 SYSTEMPATH\CodeIgniter.php(497): CodeIgniter\CodeIgniter->runController(Object(App\Controllers\Dashboard))
12 SYSTEMPATH\CodeIgniter.php(366): CodeIgniter\CodeIgniter->handleRequest(null, Object(Config\Cache), false)
13 FCPATH\index.php(67): CodeIgniter\CodeIgniter->run()
INFO - 2023-11-13 10:36:55 --> Session: Class initialized using 'CodeIgniter\Session\Handlers\FileHandler' driver.
CRITICAL - 2023-11-13 10:36:55 --> Undefined variable: hasAbsenToday
in APPPATH\Views\user\user_dashboard.php on line 37.
 1 APPPATH\Views\user\user_dashboard.php(37): CodeIgniter\Debug\Exceptions->errorHandler(8, 'Undefined variable: hasAbsenToday', 'E:\\xampp\\htdocs\\absen\\app\\Views\\user\\user_dashboard.php', 37, [...])
 2 SYSTEMPATH\View\View.php(224): include('E:\\xampp\\htdocs\\absen\\app\\Views\\user\\user_dashboard.php')
 3 SYSTEMPATH\View\View.php(227): CodeIgniter\View\View->CodeIgniter\View\{closure}()
 4 SYSTEMPATH\Common.php(1180): CodeIgniter\View\View->render('user/user_dashboard', [], true)
 5 APPPATH\Views\user\template\temp_user.php(93): view('user/user_dashboard')
 6 SYSTEMPATH\View\View.php(224): include('E:\\xampp\\htdocs\\absen\\app\\Views\\user\\template\\temp_user.php')
 7 SYSTEMPATH\View\View.php(227): CodeIgniter\View\View->CodeIgniter\View\{closure}()
 8 SYSTEMPATH\Common.php(1180): CodeIgniter\View\View->render('user/template/temp_user', [], true)
 9 APPPATH\Controllers\Dashboard.php(75): view('user/template/temp_user', [...])
10 SYSTEMPATH\CodeIgniter.php(932): App\Controllers\Dashboard->index()
11 SYSTEMPATH\CodeIgniter.php(497): CodeIgniter\CodeIgniter->runController(Object(App\Controllers\Dashboard))
12 SYSTEMPATH\CodeIgniter.php(366): CodeIgniter\CodeIgniter->handleRequest(null, Object(Config\Cache), false)
13 FCPATH\index.php(67): CodeIgniter\CodeIgniter->run()
INFO - 2023-11-13 10:36:56 --> Session: Class initialized using 'CodeIgniter\Session\Handlers\FileHandler' driver.
INFO - 2023-11-13 10:36:57 --> Session: Class initialized using 'CodeIgniter\Session\Handlers\FileHandler' driver.
CRITICAL - 2023-11-13 10:36:57 --> Undefined variable: hasAbsenToday
in APPPATH\Views\user\user_dashboard.php on line 37.
 1 APPPATH\Views\user\user_dashboard.php(37): CodeIgniter\Debug\Exceptions->errorHandler(8, 'Undefined variable: hasAbsenToday', 'E:\\xampp\\htdocs\\absen\\app\\Views\\user\\user_dashboard.php', 37, [...])
 2 SYSTEMPATH\View\View.php(224): include('E:\\xampp\\htdocs\\absen\\app\\Views\\user\\user_dashboard.php')
 3 SYSTEMPATH\View\View.php(227): CodeIgniter\View\View->CodeIgniter\View\{closure}()
 4 SYSTEMPATH\Common.php(1180): CodeIgniter\View\View->render('user/user_dashboard', [], true)
 5 APPPATH\Views\user\template\temp_user.php(93): view('user/user_dashboard')
 6 SYSTEMPATH\View\View.php(224): include('E:\\xampp\\htdocs\\absen\\app\\Views\\user\\template\\temp_user.php')
 7 SYSTEMPATH\View\View.php(227): CodeIgniter\View\View->CodeIgniter\View\{closure}()
 8 SYSTEMPATH\Common.php(1180): CodeIgniter\View\View->render('user/template/temp_user', [], true)
 9 APPPATH\Controllers\Dashboard.php(75): view('user/template/temp_user', [...])
10 SYSTEMPATH\CodeIgniter.php(932): App\Controllers\Dashboard->index()
11 SYSTEMPATH\CodeIgniter.php(497): CodeIgniter\CodeIgniter->runController(Object(App\Controllers\Dashboard))
12 SYSTEMPATH\CodeIgniter.php(366): CodeIgniter\CodeIgniter->handleRequest(null, Object(Config\Cache), false)
13 FCPATH\index.php(67): CodeIgniter\CodeIgniter->run()
INFO - 2023-11-13 10:37:55 --> Session: Class initialized using 'CodeIgniter\Session\Handlers\FileHandler' driver.
CRITICAL - 2023-11-13 10:37:55 --> Undefined variable: hasAbsenToday
in APPPATH\Views\user\user_dashboard.php on line 37.
 1 APPPATH\Views\user\user_dashboard.php(37): CodeIgniter\Debug\Exceptions->errorHandler(8, 'Undefined variable: hasAbsenToday', 'E:\\xampp\\htdocs\\absen\\app\\Views\\user\\user_dashboard.php', 37, [...])
 2 SYSTEMPATH\View\View.php(224): include('E:\\xampp\\htdocs\\absen\\app\\Views\\user\\user_dashboard.php')
 3 SYSTEMPATH\View\View.php(227): CodeIgniter\View\View->CodeIgniter\View\{closure}()
 4 SYSTEMPATH\Common.php(1180): CodeIgniter\View\View->render('user/user_dashboard', [], true)
 5 APPPATH\Views\user\template\temp_user.php(93): view('user/user_dashboard')
 6 SYSTEMPATH\View\View.php(224): include('E:\\xampp\\htdocs\\absen\\app\\Views\\user\\template\\temp_user.php')
 7 SYSTEMPATH\View\View.php(227): CodeIgniter\View\View->CodeIgniter\View\{closure}()
 8 SYSTEMPATH\Common.php(1180): CodeIgniter\View\View->render('user/template/temp_user', [], true)
 9 APPPATH\Controllers\Dashboard.php(75): view('user/template/temp_user', [...])
10 SYSTEMPATH\CodeIgniter.php(932): App\Controllers\Dashboard->index()
11 SYSTEMPATH\CodeIgniter.php(497): CodeIgniter\CodeIgniter->runController(Object(App\Controllers\Dashboard))
12 SYSTEMPATH\CodeIgniter.php(366): CodeIgniter\CodeIgniter->handleRequest(null, Object(Config\Cache), false)
13 FCPATH\index.php(67): CodeIgniter\CodeIgniter->run()
INFO - 2023-11-13 10:37:57 --> Session: Class initialized using 'CodeIgniter\Session\Handlers\FileHandler' driver.
CRITICAL - 2023-11-13 10:37:57 --> Undefined variable: hasAbsenToday
in APPPATH\Views\user\user_dashboard.php on line 37.
 1 APPPATH\Views\user\user_dashboard.php(37): CodeIgniter\Debug\Exceptions->errorHandler(8, 'Undefined variable: hasAbsenToday', 'E:\\xampp\\htdocs\\absen\\app\\Views\\user\\user_dashboard.php', 37, [...])
 2 SYSTEMPATH\View\View.php(224): include('E:\\xampp\\htdocs\\absen\\app\\Views\\user\\user_dashboard.php')
 3 SYSTEMPATH\View\View.php(227): CodeIgniter\View\View->CodeIgniter\View\{closure}()
 4 SYSTEMPATH\Common.php(1180): CodeIgniter\View\View->render('user/user_dashboard', [], true)
 5 APPPATH\Views\user\template\temp_user.php(93): view('user/user_dashboard')
 6 SYSTEMPATH\View\View.php(224): include('E:\\xampp\\htdocs\\absen\\app\\Views\\user\\template\\temp_user.php')
 7 SYSTEMPATH\View\View.php(227): CodeIgniter\View\View->CodeIgniter\View\{closure}()
 8 SYSTEMPATH\Common.php(1180): CodeIgniter\View\View->render('user/template/temp_user', [], true)
 9 APPPATH\Controllers\Dashboard.php(75): view('user/template/temp_user', [...])
10 SYSTEMPATH\CodeIgniter.php(932): App\Controllers\Dashboard->index()
11 SYSTEMPATH\CodeIgniter.php(497): CodeIgniter\CodeIgniter->runController(Object(App\Controllers\Dashboard))
12 SYSTEMPATH\CodeIgniter.php(366): CodeIgniter\CodeIgniter->handleRequest(null, Object(Config\Cache), false)
13 FCPATH\index.php(67): CodeIgniter\CodeIgniter->run()
INFO - 2023-11-13 10:37:57 --> Session: Class initialized using 'CodeIgniter\Session\Handlers\FileHandler' driver.
CRITICAL - 2023-11-13 10:37:57 --> Undefined variable: hasAbsenToday
in APPPATH\Views\user\user_dashboard.php on line 37.
 1 APPPATH\Views\user\user_dashboard.php(37): CodeIgniter\Debug\Exceptions->errorHandler(8, 'Undefined variable: hasAbsenToday', 'E:\\xampp\\htdocs\\absen\\app\\Views\\user\\user_dashboard.php', 37, [...])
 2 SYSTEMPATH\View\View.php(224): include('E:\\xampp\\htdocs\\absen\\app\\Views\\user\\user_dashboard.php')
 3 SYSTEMPATH\View\View.php(227): CodeIgniter\View\View->CodeIgniter\View\{closure}()
 4 SYSTEMPATH\Common.php(1180): CodeIgniter\View\View->render('user/user_dashboard', [], true)
 5 APPPATH\Views\user\template\temp_user.php(93): view('user/user_dashboard')
 6 SYSTEMPATH\View\View.php(224): include('E:\\xampp\\htdocs\\absen\\app\\Views\\user\\template\\temp_user.php')
 7 SYSTEMPATH\View\View.php(227): CodeIgniter\View\View->CodeIgniter\View\{closure}()
 8 SYSTEMPATH\Common.php(1180): CodeIgniter\View\View->render('user/template/temp_user', [], true)
 9 APPPATH\Controllers\Dashboard.php(75): view('user/template/temp_user', [...])
10 SYSTEMPATH\CodeIgniter.php(932): App\Controllers\Dashboard->index()
11 SYSTEMPATH\CodeIgniter.php(497): CodeIgniter\CodeIgniter->runController(Object(App\Controllers\Dashboard))
12 SYSTEMPATH\CodeIgniter.php(366): CodeIgniter\CodeIgniter->handleRequest(null, Object(Config\Cache), false)
13 FCPATH\index.php(67): CodeIgniter\CodeIgniter->run()
INFO - 2023-11-13 10:37:57 --> Session: Class initialized using 'CodeIgniter\Session\Handlers\FileHandler' driver.
CRITICAL - 2023-11-13 10:37:57 --> Undefined variable: hasAbsenToday
in APPPATH\Views\user\user_dashboard.php on line 37.
 1 APPPATH\Views\user\user_dashboard.php(37): CodeIgniter\Debug\Exceptions->errorHandler(8, 'Undefined variable: hasAbsenToday', 'E:\\xampp\\htdocs\\absen\\app\\Views\\user\\user_dashboard.php', 37, [...])
 2 SYSTEMPATH\View\View.php(224): include('E:\\xampp\\htdocs\\absen\\app\\Views\\user\\user_dashboard.php')
 3 SYSTEMPATH\View\View.php(227): CodeIgniter\View\View->CodeIgniter\View\{closure}()
 4 SYSTEMPATH\Common.php(1180): CodeIgniter\View\View->render('user/user_dashboard', [], true)
 5 APPPATH\Views\user\template\temp_user.php(93): view('user/user_dashboard')
 6 SYSTEMPATH\View\View.php(224): include('E:\\xampp\\htdocs\\absen\\app\\Views\\user\\template\\temp_user.php')
 7 SYSTEMPATH\View\View.php(227): CodeIgniter\View\View->CodeIgniter\View\{closure}()
 8 SYSTEMPATH\Common.php(1180): CodeIgniter\View\View->render('user/template/temp_user', [], true)
 9 APPPATH\Controllers\Dashboard.php(75): view('user/template/temp_user', [...])
10 SYSTEMPATH\CodeIgniter.php(932): App\Controllers\Dashboard->index()
11 SYSTEMPATH\CodeIgniter.php(497): CodeIgniter\CodeIgniter->runController(Object(App\Controllers\Dashboard))
12 SYSTEMPATH\CodeIgniter.php(366): CodeIgniter\CodeIgniter->handleRequest(null, Object(Config\Cache), false)
13 FCPATH\index.php(67): CodeIgniter\CodeIgniter->run()
INFO - 2023-11-13 10:37:58 --> Session: Class initialized using 'CodeIgniter\Session\Handlers\FileHandler' driver.
CRITICAL - 2023-11-13 10:37:58 --> Undefined variable: hasAbsenToday
in APPPATH\Views\user\user_dashboard.php on line 37.
 1 APPPATH\Views\user\user_dashboard.php(37): CodeIgniter\Debug\Exceptions->errorHandler(8, 'Undefined variable: hasAbsenToday', 'E:\\xampp\\htdocs\\absen\\app\\Views\\user\\user_dashboard.php', 37, [...])
 2 SYSTEMPATH\View\View.php(224): include('E:\\xampp\\htdocs\\absen\\app\\Views\\user\\user_dashboard.php')
 3 SYSTEMPATH\View\View.php(227): CodeIgniter\View\View->CodeIgniter\View\{closure}()
 4 SYSTEMPATH\Common.php(1180): CodeIgniter\View\View->render('user/user_dashboard', [], true)
 5 APPPATH\Views\user\template\temp_user.php(93): view('user/user_dashboard')
 6 SYSTEMPATH\View\View.php(224): include('E:\\xampp\\htdocs\\absen\\app\\Views\\user\\template\\temp_user.php')
 7 SYSTEMPATH\View\View.php(227): CodeIgniter\View\View->CodeIgniter\View\{closure}()
 8 SYSTEMPATH\Common.php(1180): CodeIgniter\View\View->render('user/template/temp_user', [], true)
 9 APPPATH\Controllers\Dashboard.php(75): view('user/template/temp_user', [...])
10 SYSTEMPATH\CodeIgniter.php(932): App\Controllers\Dashboard->index()
11 SYSTEMPATH\CodeIgniter.php(497): CodeIgniter\CodeIgniter->runController(Object(App\Controllers\Dashboard))
12 SYSTEMPATH\CodeIgniter.php(366): CodeIgniter\CodeIgniter->handleRequest(null, Object(Config\Cache), false)
13 FCPATH\index.php(67): CodeIgniter\CodeIgniter->run()
INFO - 2023-11-13 10:38:16 --> Session: Class initialized using 'CodeIgniter\Session\Handlers\FileHandler' driver.
INFO - 2023-11-13 10:38:19 --> Session: Class initialized using 'CodeIgniter\Session\Handlers\FileHandler' driver.
INFO - 2023-11-13 10:38:21 --> Session: Class initialized using 'CodeIgniter\Session\Handlers\FileHandler' driver.
CRITICAL - 2023-11-13 10:38:21 --> Undefined variable: hasAbsenToday
in APPPATH\Views\user\user_dashboard.php on line 37.
 1 APPPATH\Views\user\user_dashboard.php(37): CodeIgniter\Debug\Exceptions->errorHandler(8, 'Undefined variable: hasAbsenToday', 'E:\\xampp\\htdocs\\absen\\app\\Views\\user\\user_dashboard.php', 37, [...])
 2 SYSTEMPATH\View\View.php(224): include('E:\\xampp\\htdocs\\absen\\app\\Views\\user\\user_dashboard.php')
 3 SYSTEMPATH\View\View.php(227): CodeIgniter\View\View->CodeIgniter\View\{closure}()
 4 SYSTEMPATH\Common.php(1180): CodeIgniter\View\View->render('user/user_dashboard', [], true)
 5 APPPATH\Views\user\template\temp_user.php(93): view('user/user_dashboard')
 6 SYSTEMPATH\View\View.php(224): include('E:\\xampp\\htdocs\\absen\\app\\Views\\user\\template\\temp_user.php')
 7 SYSTEMPATH\View\View.php(227): CodeIgniter\View\View->CodeIgniter\View\{closure}()
 8 SYSTEMPATH\Common.php(1180): CodeIgniter\View\View->render('user/template/temp_user', [], true)
 9 APPPATH\Controllers\Dashboard.php(75): view('user/template/temp_user', [...])
10 SYSTEMPATH\CodeIgniter.php(932): App\Controllers\Dashboard->index()
11 SYSTEMPATH\CodeIgniter.php(497): CodeIgniter\CodeIgniter->runController(Object(App\Controllers\Dashboard))
12 SYSTEMPATH\CodeIgniter.php(366): CodeIgniter\CodeIgniter->handleRequest(null, Object(Config\Cache), false)
13 FCPATH\index.php(67): CodeIgniter\CodeIgniter->run()
INFO - 2023-11-13 10:39:43 --> Session: Class initialized using 'CodeIgniter\Session\Handlers\FileHandler' driver.
CRITICAL - 2023-11-13 10:39:43 --> Undefined variable: hasAbsenToday
in APPPATH\Views\user\user_dashboard.php on line 37.
 1 APPPATH\Views\user\user_dashboard.php(37): CodeIgniter\Debug\Exceptions->errorHandler(8, 'Undefined variable: hasAbsenToday', 'E:\\xampp\\htdocs\\absen\\app\\Views\\user\\user_dashboard.php', 37, [...])
 2 SYSTEMPATH\View\View.php(224): include('E:\\xampp\\htdocs\\absen\\app\\Views\\user\\user_dashboard.php')
 3 SYSTEMPATH\View\View.php(227): CodeIgniter\View\View->CodeIgniter\View\{closure}()
 4 SYSTEMPATH\Common.php(1180): CodeIgniter\View\View->render('user/user_dashboard', [], true)
 5 APPPATH\Views\user\template\temp_user.php(93): view('user/user_dashboard')
 6 SYSTEMPATH\View\View.php(224): include('E:\\xampp\\htdocs\\absen\\app\\Views\\user\\template\\temp_user.php')
 7 SYSTEMPATH\View\View.php(227): CodeIgniter\View\View->CodeIgniter\View\{closure}()
 8 SYSTEMPATH\Common.php(1180): CodeIgniter\View\View->render('user/template/temp_user', [], true)
 9 APPPATH\Controllers\Dashboard.php(75): view('user/template/temp_user', [...])
10 SYSTEMPATH\CodeIgniter.php(932): App\Controllers\Dashboard->index()
11 SYSTEMPATH\CodeIgniter.php(497): CodeIgniter\CodeIgniter->runController(Object(App\Controllers\Dashboard))
12 SYSTEMPATH\CodeIgniter.php(366): CodeIgniter\CodeIgniter->handleRequest(null, Object(Config\Cache), false)
13 FCPATH\index.php(67): CodeIgniter\CodeIgniter->run()
INFO - 2023-11-13 10:39:45 --> Session: Class initialized using 'CodeIgniter\Session\Handlers\FileHandler' driver.
CRITICAL - 2023-11-13 10:39:45 --> Undefined variable: hasAbsenToday
in APPPATH\Views\user\user_dashboard.php on line 37.
 1 APPPATH\Views\user\user_dashboard.php(37): CodeIgniter\Debug\Exceptions->errorHandler(8, 'Undefined variable: hasAbsenToday', 'E:\\xampp\\htdocs\\absen\\app\\Views\\user\\user_dashboard.php', 37, [...])
 2 SYSTEMPATH\View\View.php(224): include('E:\\xampp\\htdocs\\absen\\app\\Views\\user\\user_dashboard.php')
 3 SYSTEMPATH\View\View.php(227): CodeIgniter\View\View->CodeIgniter\View\{closure}()
 4 SYSTEMPATH\Common.php(1180): CodeIgniter\View\View->render('user/user_dashboard', [], true)
 5 APPPATH\Views\user\template\temp_user.php(93): view('user/user_dashboard')
 6 SYSTEMPATH\View\View.php(224): include('E:\\xampp\\htdocs\\absen\\app\\Views\\user\\template\\temp_user.php')
 7 SYSTEMPATH\View\View.php(227): CodeIgniter\View\View->CodeIgniter\View\{closure}()
 8 SYSTEMPATH\Common.php(1180): CodeIgniter\View\View->render('user/template/temp_user', [], true)
 9 APPPATH\Controllers\Dashboard.php(75): view('user/template/temp_user', [...])
10 SYSTEMPATH\CodeIgniter.php(932): App\Controllers\Dashboard->index()
11 SYSTEMPATH\CodeIgniter.php(497): CodeIgniter\CodeIgniter->runController(Object(App\Controllers\Dashboard))
12 SYSTEMPATH\CodeIgniter.php(366): CodeIgniter\CodeIgniter->handleRequest(null, Object(Config\Cache), false)
13 FCPATH\index.php(67): CodeIgniter\CodeIgniter->run()
INFO - 2023-11-13 10:39:57 --> Session: Class initialized using 'CodeIgniter\Session\Handlers\FileHandler' driver.
CRITICAL - 2023-11-13 10:39:57 --> Undefined variable: hasAbsenToday
in APPPATH\Views\user\user_dashboard.php on line 37.
 1 APPPATH\Views\user\user_dashboard.php(37): CodeIgniter\Debug\Exceptions->errorHandler(8, 'Undefined variable: hasAbsenToday', 'E:\\xampp\\htdocs\\absen\\app\\Views\\user\\user_dashboard.php', 37, [...])
 2 SYSTEMPATH\View\View.php(224): include('E:\\xampp\\htdocs\\absen\\app\\Views\\user\\user_dashboard.php')
 3 SYSTEMPATH\View\View.php(227): CodeIgniter\View\View->CodeIgniter\View\{closure}()
 4 SYSTEMPATH\Common.php(1180): CodeIgniter\View\View->render('user/user_dashboard', [], true)
 5 APPPATH\Views\user\template\temp_user.php(93): view('user/user_dashboard')
 6 SYSTEMPATH\View\View.php(224): include('E:\\xampp\\htdocs\\absen\\app\\Views\\user\\template\\temp_user.php')
 7 SYSTEMPATH\View\View.php(227): CodeIgniter\View\View->CodeIgniter\View\{closure}()
 8 SYSTEMPATH\Common.php(1180): CodeIgniter\View\View->render('user/template/temp_user', [], true)
 9 APPPATH\Controllers\Dashboard.php(75): view('user/template/temp_user', [...])
10 SYSTEMPATH\CodeIgniter.php(932): App\Controllers\Dashboard->index()
11 SYSTEMPATH\CodeIgniter.php(497): CodeIgniter\CodeIgniter->runController(Object(App\Controllers\Dashboard))
12 SYSTEMPATH\CodeIgniter.php(366): CodeIgniter\CodeIgniter->handleRequest(null, Object(Config\Cache), false)
13 FCPATH\index.php(67): CodeIgniter\CodeIgniter->run()
INFO - 2023-11-13 10:39:58 --> Session: Class initialized using 'CodeIgniter\Session\Handlers\FileHandler' driver.
INFO - 2023-11-13 10:39:59 --> Session: Class initialized using 'CodeIgniter\Session\Handlers\FileHandler' driver.
CRITICAL - 2023-11-13 10:39:59 --> Undefined variable: hasAbsenToday
in APPPATH\Views\user\user_dashboard.php on line 37.
 1 APPPATH\Views\user\user_dashboard.php(37): CodeIgniter\Debug\Exceptions->errorHandler(8, 'Undefined variable: hasAbsenToday', 'E:\\xampp\\htdocs\\absen\\app\\Views\\user\\user_dashboard.php', 37, [...])
 2 SYSTEMPATH\View\View.php(224): include('E:\\xampp\\htdocs\\absen\\app\\Views\\user\\user_dashboard.php')
 3 SYSTEMPATH\View\View.php(227): CodeIgniter\View\View->CodeIgniter\View\{closure}()
 4 SYSTEMPATH\Common.php(1180): CodeIgniter\View\View->render('user/user_dashboard', [], true)
 5 APPPATH\Views\user\template\temp_user.php(93): view('user/user_dashboard')
 6 SYSTEMPATH\View\View.php(224): include('E:\\xampp\\htdocs\\absen\\app\\Views\\user\\template\\temp_user.php')
 7 SYSTEMPATH\View\View.php(227): CodeIgniter\View\View->CodeIgniter\View\{closure}()
 8 SYSTEMPATH\Common.php(1180): CodeIgniter\View\View->render('user/template/temp_user', [], true)
 9 APPPATH\Controllers\Dashboard.php(75): view('user/template/temp_user', [...])
10 SYSTEMPATH\CodeIgniter.php(932): App\Controllers\Dashboard->index()
11 SYSTEMPATH\CodeIgniter.php(497): CodeIgniter\CodeIgniter->runController(Object(App\Controllers\Dashboard))
12 SYSTEMPATH\CodeIgniter.php(366): CodeIgniter\CodeIgniter->handleRequest(null, Object(Config\Cache), false)
13 FCPATH\index.php(67): CodeIgniter\CodeIgniter->run()
INFO - 2023-11-13 10:39:59 --> Session: Class initialized using 'CodeIgniter\Session\Handlers\FileHandler' driver.
INFO - 2023-11-13 10:40:00 --> Session: Class initialized using 'CodeIgniter\Session\Handlers\FileHandler' driver.
CRITICAL - 2023-11-13 10:40:00 --> Undefined variable: hasAbsenToday
in APPPATH\Views\user\user_dashboard.php on line 37.
 1 APPPATH\Views\user\user_dashboard.php(37): CodeIgniter\Debug\Exceptions->errorHandler(8, 'Undefined variable: hasAbsenToday', 'E:\\xampp\\htdocs\\absen\\app\\Views\\user\\user_dashboard.php', 37, [...])
 2 SYSTEMPATH\View\View.php(224): include('E:\\xampp\\htdocs\\absen\\app\\Views\\user\\user_dashboard.php')
 3 SYSTEMPATH\View\View.php(227): CodeIgniter\View\View->CodeIgniter\View\{closure}()
 4 SYSTEMPATH\Common.php(1180): CodeIgniter\View\View->render('user/user_dashboard', [], true)
 5 APPPATH\Views\user\template\temp_user.php(93): view('user/user_dashboard')
 6 SYSTEMPATH\View\View.php(224): include('E:\\xampp\\htdocs\\absen\\app\\Views\\user\\template\\temp_user.php')
 7 SYSTEMPATH\View\View.php(227): CodeIgniter\View\View->CodeIgniter\View\{closure}()
 8 SYSTEMPATH\Common.php(1180): CodeIgniter\View\View->render('user/template/temp_user', [], true)
 9 APPPATH\Controllers\Dashboard.php(75): view('user/template/temp_user', [...])
10 SYSTEMPATH\CodeIgniter.php(932): App\Controllers\Dashboard->index()
11 SYSTEMPATH\CodeIgniter.php(497): CodeIgniter\CodeIgniter->runController(Object(App\Controllers\Dashboard))
12 SYSTEMPATH\CodeIgniter.php(366): CodeIgniter\CodeIgniter->handleRequest(null, Object(Config\Cache), false)
13 FCPATH\index.php(67): CodeIgniter\CodeIgniter->run()
INFO - 2023-11-13 10:40:37 --> Session: Class initialized using 'CodeIgniter\Session\Handlers\FileHandler' driver.
CRITICAL - 2023-11-13 10:40:37 --> Undefined variable: hasAbsenToday
in APPPATH\Views\user\user_dashboard.php on line 37.
 1 APPPATH\Views\user\user_dashboard.php(37): CodeIgniter\Debug\Exceptions->errorHandler(8, 'Undefined variable: hasAbsenToday', 'E:\\xampp\\htdocs\\absen\\app\\Views\\user\\user_dashboard.php', 37, [...])
 2 SYSTEMPATH\View\View.php(224): include('E:\\xampp\\htdocs\\absen\\app\\Views\\user\\user_dashboard.php')
 3 SYSTEMPATH\View\View.php(227): CodeIgniter\View\View->CodeIgniter\View\{closure}()
 4 SYSTEMPATH\Common.php(1180): CodeIgniter\View\View->render('user/user_dashboard', [], true)
 5 APPPATH\Views\user\template\temp_user.php(93): view('user/user_dashboard')
 6 SYSTEMPATH\View\View.php(224): include('E:\\xampp\\htdocs\\absen\\app\\Views\\user\\template\\temp_user.php')
 7 SYSTEMPATH\View\View.php(227): CodeIgniter\View\View->CodeIgniter\View\{closure}()
 8 SYSTEMPATH\Common.php(1180): CodeIgniter\View\View->render('user/template/temp_user', [], true)
 9 APPPATH\Controllers\Dashboard.php(75): view('user/template/temp_user', [...])
10 SYSTEMPATH\CodeIgniter.php(932): App\Controllers\Dashboard->index()
11 SYSTEMPATH\CodeIgniter.php(497): CodeIgniter\CodeIgniter->runController(Object(App\Controllers\Dashboard))
12 SYSTEMPATH\CodeIgniter.php(366): CodeIgniter\CodeIgniter->handleRequest(null, Object(Config\Cache), false)
13 FCPATH\index.php(67): CodeIgniter\CodeIgniter->run()
INFO - 2023-11-13 10:40:59 --> Session: Class initialized using 'CodeIgniter\Session\Handlers\FileHandler' driver.
INFO - 2023-11-13 10:41:00 --> Session: Class initialized using 'CodeIgniter\Session\Handlers\FileHandler' driver.
INFO - 2023-11-13 10:41:01 --> Session: Class initialized using 'CodeIgniter\Session\Handlers\FileHandler' driver.
CRITICAL - 2023-11-13 10:41:01 --> Undefined variable: hasAbsenToday
in APPPATH\Views\user\user_dashboard.php on line 37.
 1 APPPATH\Views\user\user_dashboard.php(37): CodeIgniter\Debug\Exceptions->errorHandler(8, 'Undefined variable: hasAbsenToday', 'E:\\xampp\\htdocs\\absen\\app\\Views\\user\\user_dashboard.php', 37, [...])
 2 SYSTEMPATH\View\View.php(224): include('E:\\xampp\\htdocs\\absen\\app\\Views\\user\\user_dashboard.php')
 3 SYSTEMPATH\View\View.php(227): CodeIgniter\View\View->CodeIgniter\View\{closure}()
 4 SYSTEMPATH\Common.php(1180): CodeIgniter\View\View->render('user/user_dashboard', [], true)
 5 APPPATH\Views\user\template\temp_user.php(93): view('user/user_dashboard')
 6 SYSTEMPATH\View\View.php(224): include('E:\\xampp\\htdocs\\absen\\app\\Views\\user\\template\\temp_user.php')
 7 SYSTEMPATH\View\View.php(227): CodeIgniter\View\View->CodeIgniter\View\{closure}()
 8 SYSTEMPATH\Common.php(1180): CodeIgniter\View\View->render('user/template/temp_user', [], true)
 9 APPPATH\Controllers\Dashboard.php(75): view('user/template/temp_user', [...])
10 SYSTEMPATH\CodeIgniter.php(932): App\Controllers\Dashboard->index()
11 SYSTEMPATH\CodeIgniter.php(497): CodeIgniter\CodeIgniter->runController(Object(App\Controllers\Dashboard))
12 SYSTEMPATH\CodeIgniter.php(366): CodeIgniter\CodeIgniter->handleRequest(null, Object(Config\Cache), false)
13 FCPATH\index.php(67): CodeIgniter\CodeIgniter->run()
INFO - 2023-11-13 10:41:47 --> Session: Class initialized using 'CodeIgniter\Session\Handlers\FileHandler' driver.
INFO - 2023-11-13 10:41:52 --> Session: Class initialized using 'CodeIgniter\Session\Handlers\FileHandler' driver.
CRITICAL - 2023-11-13 10:41:52 --> Undefined variable: hasAbsenToday
in APPPATH\Views\user\user_dashboard.php on line 37.
 1 APPPATH\Views\user\user_dashboard.php(37): CodeIgniter\Debug\Exceptions->errorHandler(8, 'Undefined variable: hasAbsenToday', 'E:\\xampp\\htdocs\\absen\\app\\Views\\user\\user_dashboard.php', 37, [...])
 2 SYSTEMPATH\View\View.php(224): include('E:\\xampp\\htdocs\\absen\\app\\Views\\user\\user_dashboard.php')
 3 SYSTEMPATH\View\View.php(227): CodeIgniter\View\View->CodeIgniter\View\{closure}()
 4 SYSTEMPATH\Common.php(1180): CodeIgniter\View\View->render('user/user_dashboard', [], true)
 5 APPPATH\Views\user\template\temp_user.php(93): view('user/user_dashboard')
 6 SYSTEMPATH\View\View.php(224): include('E:\\xampp\\htdocs\\absen\\app\\Views\\user\\template\\temp_user.php')
 7 SYSTEMPATH\View\View.php(227): CodeIgniter\View\View->CodeIgniter\View\{closure}()
 8 SYSTEMPATH\Common.php(1180): CodeIgniter\View\View->render('user/template/temp_user', [], true)
 9 APPPATH\Controllers\Dashboard.php(75): view('user/template/temp_user', [...])
10 SYSTEMPATH\CodeIgniter.php(932): App\Controllers\Dashboard->index()
11 SYSTEMPATH\CodeIgniter.php(497): CodeIgniter\CodeIgniter->runController(Object(App\Controllers\Dashboard))
12 SYSTEMPATH\CodeIgniter.php(366): CodeIgniter\CodeIgniter->handleRequest(null, Object(Config\Cache), false)
13 FCPATH\index.php(67): CodeIgniter\CodeIgniter->run()
INFO - 2023-11-13 10:42:02 --> Session: Class initialized using 'CodeIgniter\Session\Handlers\FileHandler' driver.
INFO - 2023-11-13 10:46:24 --> Session: Class initialized using 'CodeIgniter\Session\Handlers\FileHandler' driver.
CRITICAL - 2023-11-13 10:46:24 --> Undefined property: App\Controllers\Dashboard::$absenModel
in APPPATH\Controllers\Dashboard.php on line 78.
 1 APPPATH\Controllers\Dashboard.php(78): CodeIgniter\Debug\Exceptions->errorHandler(8, 'Undefined property: App\\Controllers\\Dashboard::$absenModel', 'E:\\xampp\\htdocs\\absen\\app\\Controllers\\Dashboard.php', 78, [...])
 2 SYSTEMPATH\CodeIgniter.php(932): App\Controllers\Dashboard->index()
 3 SYSTEMPATH\CodeIgniter.php(497): CodeIgniter\CodeIgniter->runController(Object(App\Controllers\Dashboard))
 4 SYSTEMPATH\CodeIgniter.php(366): CodeIgniter\CodeIgniter->handleRequest(null, Object(Config\Cache), false)
 5 FCPATH\index.php(67): CodeIgniter\CodeIgniter->run()
INFO - 2023-11-13 10:46:38 --> Session: Class initialized using 'CodeIgniter\Session\Handlers\FileHandler' driver.
CRITICAL - 2023-11-13 10:46:38 --> Undefined property: App\Controllers\Dashboard::$absenModel
in APPPATH\Controllers\Dashboard.php on line 78.
 1 APPPATH\Controllers\Dashboard.php(78): CodeIgniter\Debug\Exceptions->errorHandler(8, 'Undefined property: App\\Controllers\\Dashboard::$absenModel', 'E:\\xampp\\htdocs\\absen\\app\\Controllers\\Dashboard.php', 78, [...])
 2 SYSTEMPATH\CodeIgniter.php(932): App\Controllers\Dashboard->index()
 3 SYSTEMPATH\CodeIgniter.php(497): CodeIgniter\CodeIgniter->runController(Object(App\Controllers\Dashboard))
 4 SYSTEMPATH\CodeIgniter.php(366): CodeIgniter\CodeIgniter->handleRequest(null, Object(Config\Cache), false)
 5 FCPATH\index.php(67): CodeIgniter\CodeIgniter->run()
INFO - 2023-11-13 10:47:46 --> Session: Class initialized using 'CodeIgniter\Session\Handlers\FileHandler' driver.
CRITICAL - 2023-11-13 10:47:46 --> Undefined property: App\Controllers\Dashboard::$absenModel
in APPPATH\Controllers\Dashboard.php on line 79.
 1 APPPATH\Controllers\Dashboard.php(79): CodeIgniter\Debug\Exceptions->errorHandler(8, 'Undefined property: App\\Controllers\\Dashboard::$absenModel', 'E:\\xampp\\htdocs\\absen\\app\\Controllers\\Dashboard.php', 79, [...])
 2 SYSTEMPATH\CodeIgniter.php(932): App\Controllers\Dashboard->index()
 3 SYSTEMPATH\CodeIgniter.php(497): CodeIgniter\CodeIgniter->runController(Object(App\Controllers\Dashboard))
 4 SYSTEMPATH\CodeIgniter.php(366): CodeIgniter\CodeIgniter->handleRequest(null, Object(Config\Cache), false)
 5 FCPATH\index.php(67): CodeIgniter\CodeIgniter->run()
INFO - 2023-11-13 10:49:22 --> Session: Class initialized using 'CodeIgniter\Session\Handlers\FileHandler' driver.
INFO - 2023-11-13 10:49:26 --> Session: Class initialized using 'CodeIgniter\Session\Handlers\FileHandler' driver.
INFO - 2023-11-13 10:49:28 --> Session: Class initialized using 'CodeIgniter\Session\Handlers\FileHandler' driver.
INFO - 2023-11-13 10:49:54 --> Session: Class initialized using 'CodeIgniter\Session\Handlers\FileHandler' driver.
INFO - 2023-11-13 10:51:50 --> Session: Class initialized using 'CodeIgniter\Session\Handlers\FileHandler' driver.
INFO - 2023-11-13 10:54:05 --> Session: Class initialized using 'CodeIgniter\Session\Handlers\FileHandler' driver.
INFO - 2023-11-13 10:54:08 --> Session: Class initialized using 'CodeIgniter\Session\Handlers\FileHandler' driver.
INFO - 2023-11-13 10:54:47 --> Session: Class initialized using 'CodeIgniter\Session\Handlers\FileHandler' driver.
INFO - 2023-11-13 10:54:47 --> Session: Class initialized using 'CodeIgniter\Session\Handlers\FileHandler' driver.
INFO - 2023-11-13 10:55:37 --> Session: Class initialized using 'CodeIgniter\Session\Handlers\FileHandler' driver.
INFO - 2023-11-13 10:56:07 --> Session: Class initialized using 'CodeIgniter\Session\Handlers\FileHandler' driver.
CRITICAL - 2023-11-13 10:56:07 --> Undefined variable: hasAbsenKeluarToday
in APPPATH\Views\user\user_dashboard.php on line 56.
 1 APPPATH\Views\user\user_dashboard.php(56): CodeIgniter\Debug\Exceptions->errorHandler(8, 'Undefined variable: hasAbsenKeluarToday', 'E:\\xampp\\htdocs\\absen\\app\\Views\\user\\user_dashboard.php', 56, [...])
 2 SYSTEMPATH\View\View.php(224): include('E:\\xampp\\htdocs\\absen\\app\\Views\\user\\user_dashboard.php')
 3 SYSTEMPATH\View\View.php(227): CodeIgniter\View\View->CodeIgniter\View\{closure}()
 4 SYSTEMPATH\Common.php(1180): CodeIgniter\View\View->render('user/user_dashboard', [], true)
 5 APPPATH\Views\user\template\temp_user.php(93): view('user/user_dashboard')
 6 SYSTEMPATH\View\View.php(224): include('E:\\xampp\\htdocs\\absen\\app\\Views\\user\\template\\temp_user.php')
 7 SYSTEMPATH\View\View.php(227): CodeIgniter\View\View->CodeIgniter\View\{closure}()
 8 SYSTEMPATH\Common.php(1180): CodeIgniter\View\View->render('user/template/temp_user', [], true)
 9 APPPATH\Controllers\Dashboard.php(100): view('user/template/temp_user', [...])
10 SYSTEMPATH\CodeIgniter.php(932): App\Controllers\Dashboard->index()
11 SYSTEMPATH\CodeIgniter.php(497): CodeIgniter\CodeIgniter->runController(Object(App\Controllers\Dashboard))
12 SYSTEMPATH\CodeIgniter.php(366): CodeIgniter\CodeIgniter->handleRequest(null, Object(Config\Cache), false)
13 FCPATH\index.php(67): CodeIgniter\CodeIgniter->run()
INFO - 2023-11-13 10:56:13 --> Session: Class initialized using 'CodeIgniter\Session\Handlers\FileHandler' driver.
CRITICAL - 2023-11-13 10:56:13 --> Undefined variable: hasAbsenKeluarToday
in APPPATH\Views\user\user_dashboard.php on line 56.
 1 APPPATH\Views\user\user_dashboard.php(56): CodeIgniter\Debug\Exceptions->errorHandler(8, 'Undefined variable: hasAbsenKeluarToday', 'E:\\xampp\\htdocs\\absen\\app\\Views\\user\\user_dashboard.php', 56, [...])
 2 SYSTEMPATH\View\View.php(224): include('E:\\xampp\\htdocs\\absen\\app\\Views\\user\\user_dashboard.php')
 3 SYSTEMPATH\View\View.php(227): CodeIgniter\View\View->CodeIgniter\View\{closure}()
 4 SYSTEMPATH\Common.php(1180): CodeIgniter\View\View->render('user/user_dashboard', [], true)
 5 APPPATH\Views\user\template\temp_user.php(93): view('user/user_dashboard')
 6 SYSTEMPATH\View\View.php(224): include('E:\\xampp\\htdocs\\absen\\app\\Views\\user\\template\\temp_user.php')
 7 SYSTEMPATH\View\View.php(227): CodeIgniter\View\View->CodeIgniter\View\{closure}()
 8 SYSTEMPATH\Common.php(1180): CodeIgniter\View\View->render('user/template/temp_user', [], true)
 9 APPPATH\Controllers\Dashboard.php(100): view('user/template/temp_user', [...])
10 SYSTEMPATH\CodeIgniter.php(932): App\Controllers\Dashboard->index()
11 SYSTEMPATH\CodeIgniter.php(497): CodeIgniter\CodeIgniter->runController(Object(App\Controllers\Dashboard))
12 SYSTEMPATH\CodeIgniter.php(366): CodeIgniter\CodeIgniter->handleRequest(null, Object(Config\Cache), false)
13 FCPATH\index.php(67): CodeIgniter\CodeIgniter->run()
INFO - 2023-11-13 10:58:59 --> Session: Class initialized using 'CodeIgniter\Session\Handlers\FileHandler' driver.
INFO - 2023-11-13 10:59:04 --> Session: Class initialized using 'CodeIgniter\Session\Handlers\FileHandler' driver.
INFO - 2023-11-13 10:59:11 --> Session: Class initialized using 'CodeIgniter\Session\Handlers\FileHandler' driver.
INFO - 2023-11-13 10:59:12 --> Session: Class initialized using 'CodeIgniter\Session\Handlers\FileHandler' driver.
INFO - 2023-11-13 10:59:14 --> Session: Class initialized using 'CodeIgniter\Session\Handlers\FileHandler' driver.
INFO - 2023-11-13 10:59:14 --> Session: Class initialized using 'CodeIgniter\Session\Handlers\FileHandler' driver.
INFO - 2023-11-13 10:59:16 --> Session: Class initialized using 'CodeIgniter\Session\Handlers\FileHandler' driver.
INFO - 2023-11-13 10:59:17 --> Session: Class initialized using 'CodeIgniter\Session\Handlers\FileHandler' driver.
INFO - 2023-11-13 10:59:17 --> Session: Class initialized using 'CodeIgniter\Session\Handlers\FileHandler' driver.
INFO - 2023-11-13 11:00:13 --> Session: Class initialized using 'CodeIgniter\Session\Handlers\FileHandler' driver.
INFO - 2023-11-13 11:00:27 --> Session: Class initialized using 'CodeIgniter\Session\Handlers\FileHandler' driver.
INFO - 2023-11-13 11:01:01 --> Session: Class initialized using 'CodeIgniter\Session\Handlers\FileHandler' driver.
INFO - 2023-11-13 11:01:03 --> Session: Class initialized using 'CodeIgniter\Session\Handlers\FileHandler' driver.
INFO - 2023-11-13 11:04:28 --> Session: Class initialized using 'CodeIgniter\Session\Handlers\FileHandler' driver.
INFO - 2023-11-13 11:09:18 --> Session: Class initialized using 'CodeIgniter\Session\Handlers\FileHandler' driver.
INFO - 2023-11-13 11:09:32 --> Session: Class initialized using 'CodeIgniter\Session\Handlers\FileHandler' driver.
INFO - 2023-11-13 11:09:52 --> Session: Class initialized using 'CodeIgniter\Session\Handlers\FileHandler' driver.
INFO - 2023-11-13 11:10:16 --> Session: Class initialized using 'CodeIgniter\Session\Handlers\FileHandler' driver.
INFO - 2023-11-13 11:11:47 --> Session: Class initialized using 'CodeIgniter\Session\Handlers\FileHandler' driver.
INFO - 2023-11-13 11:12:15 --> Session: Class initialized using 'CodeIgniter\Session\Handlers\FileHandler' driver.
INFO - 2023-11-13 11:12:51 --> Session: Class initialized using 'CodeIgniter\Session\Handlers\FileHandler' driver.
INFO - 2023-11-13 11:13:16 --> Session: Class initialized using 'CodeIgniter\Session\Handlers\FileHandler' driver.
INFO - 2023-11-13 11:13:17 --> Session: Class initialized using 'CodeIgniter\Session\Handlers\FileHandler' driver.
INFO - 2023-11-13 11:13:17 --> Session: Class initialized using 'CodeIgniter\Session\Handlers\FileHandler' driver.
INFO - 2023-11-13 11:13:21 --> Session: Class initialized using 'CodeIgniter\Session\Handlers\FileHandler' driver.
INFO - 2023-11-13 11:13:30 --> Session: Class initialized using 'CodeIgniter\Session\Handlers\FileHandler' driver.
INFO - 2023-11-13 11:13:50 --> Session: Class initialized using 'CodeIgniter\Session\Handlers\FileHandler' driver.
INFO - 2023-11-13 11:13:59 --> Session: Class initialized using 'CodeIgniter\Session\Handlers\FileHandler' driver.
INFO - 2023-11-13 11:14:21 --> Session: Class initialized using 'CodeIgniter\Session\Handlers\FileHandler' driver.
INFO - 2023-11-13 11:14:30 --> Session: Class initialized using 'CodeIgniter\Session\Handlers\FileHandler' driver.
INFO - 2023-11-13 11:14:31 --> Session: Class initialized using 'CodeIgniter\Session\Handlers\FileHandler' driver.
INFO - 2023-11-13 11:14:32 --> Session: Class initialized using 'CodeIgniter\Session\Handlers\FileHandler' driver.
INFO - 2023-11-13 11:14:49 --> Session: Class initialized using 'CodeIgniter\Session\Handlers\FileHandler' driver.
INFO - 2023-11-13 11:14:49 --> Session: Class initialized using 'CodeIgniter\Session\Handlers\FileHandler' driver.
INFO - 2023-11-13 11:14:51 --> Session: Class initialized using 'CodeIgniter\Session\Handlers\FileHandler' driver.
INFO - 2023-11-13 11:14:51 --> Session: Class initialized using 'CodeIgniter\Session\Handlers\FileHandler' driver.
INFO - 2023-11-13 11:14:55 --> Session: Class initialized using 'CodeIgniter\Session\Handlers\FileHandler' driver.
INFO - 2023-11-13 11:16:52 --> Session: Class initialized using 'CodeIgniter\Session\Handlers\FileHandler' driver.
INFO - 2023-11-13 11:16:54 --> Session: Class initialized using 'CodeIgniter\Session\Handlers\FileHandler' driver.
INFO - 2023-11-13 11:16:54 --> Session: Class initialized using 'CodeIgniter\Session\Handlers\FileHandler' driver.
INFO - 2023-11-13 11:16:55 --> Session: Class initialized using 'CodeIgniter\Session\Handlers\FileHandler' driver.
INFO - 2023-11-13 11:16:56 --> Session: Class initialized using 'CodeIgniter\Session\Handlers\FileHandler' driver.
INFO - 2023-11-13 11:16:57 --> Session: Class initialized using 'CodeIgniter\Session\Handlers\FileHandler' driver.
INFO - 2023-11-13 11:17:00 --> Session: Class initialized using 'CodeIgniter\Session\Handlers\FileHandler' driver.
INFO - 2023-11-13 11:17:24 --> Session: Class initialized using 'CodeIgniter\Session\Handlers\FileHandler' driver.
INFO - 2023-11-13 11:17:25 --> Session: Class initialized using 'CodeIgniter\Session\Handlers\FileHandler' driver.
INFO - 2023-11-13 11:17:27 --> Session: Class initialized using 'CodeIgniter\Session\Handlers\FileHandler' driver.
INFO - 2023-11-13 11:17:28 --> Session: Class initialized using 'CodeIgniter\Session\Handlers\FileHandler' driver.
INFO - 2023-11-13 11:17:32 --> Session: Class initialized using 'CodeIgniter\Session\Handlers\FileHandler' driver.
INFO - 2023-11-13 11:17:41 --> Session: Class initialized using 'CodeIgniter\Session\Handlers\FileHandler' driver.
INFO - 2023-11-13 11:17:41 --> Session: Class initialized using 'CodeIgniter\Session\Handlers\FileHandler' driver.
INFO - 2023-11-13 11:17:42 --> Session: Class initialized using 'CodeIgniter\Session\Handlers\FileHandler' driver.
INFO - 2023-11-13 11:17:54 --> Session: Class initialized using 'CodeIgniter\Session\Handlers\FileHandler' driver.
INFO - 2023-11-13 11:17:54 --> Session: Class initialized using 'CodeIgniter\Session\Handlers\FileHandler' driver.
INFO - 2023-11-13 11:17:58 --> Session: Class initialized using 'CodeIgniter\Session\Handlers\FileHandler' driver.
INFO - 2023-11-13 11:18:00 --> Session: Class initialized using 'CodeIgniter\Session\Handlers\FileHandler' driver.
INFO - 2023-11-13 11:18:00 --> Session: Class initialized using 'CodeIgniter\Session\Handlers\FileHandler' driver.
INFO - 2023-11-13 11:18:02 --> Session: Class initialized using 'CodeIgniter\Session\Handlers\FileHandler' driver.
INFO - 2023-11-13 11:19:07 --> Session: Class initialized using 'CodeIgniter\Session\Handlers\FileHandler' driver.
INFO - 2023-11-13 11:19:09 --> Session: Class initialized using 'CodeIgniter\Session\Handlers\FileHandler' driver.
INFO - 2023-11-13 11:19:11 --> Session: Class initialized using 'CodeIgniter\Session\Handlers\FileHandler' driver.
INFO - 2023-11-13 11:19:23 --> Session: Class initialized using 'CodeIgniter\Session\Handlers\FileHandler' driver.
INFO - 2023-11-13 11:19:28 --> Session: Class initialized using 'CodeIgniter\Session\Handlers\FileHandler' driver.
INFO - 2023-11-13 11:19:28 --> Session: Class initialized using 'CodeIgniter\Session\Handlers\FileHandler' driver.
INFO - 2023-11-13 11:19:41 --> Session: Class initialized using 'CodeIgniter\Session\Handlers\FileHandler' driver.
INFO - 2023-11-13 11:20:33 --> Session: Class initialized using 'CodeIgniter\Session\Handlers\FileHandler' driver.
INFO - 2023-11-13 11:20:43 --> Session: Class initialized using 'CodeIgniter\Session\Handlers\FileHandler' driver.
INFO - 2023-11-13 11:20:44 --> Session: Class initialized using 'CodeIgniter\Session\Handlers\FileHandler' driver.
INFO - 2023-11-13 11:20:45 --> Session: Class initialized using 'CodeIgniter\Session\Handlers\FileHandler' driver.
INFO - 2023-11-13 11:20:46 --> Session: Class initialized using 'CodeIgniter\Session\Handlers\FileHandler' driver.
INFO - 2023-11-13 11:20:53 --> Session: Class initialized using 'CodeIgniter\Session\Handlers\FileHandler' driver.
INFO - 2023-11-13 11:20:53 --> Session: Class initialized using 'CodeIgniter\Session\Handlers\FileHandler' driver.
INFO - 2023-11-13 11:22:43 --> Session: Class initialized using 'CodeIgniter\Session\Handlers\FileHandler' driver.
INFO - 2023-11-13 11:23:32 --> Session: Class initialized using 'CodeIgniter\Session\Handlers\FileHandler' driver.
CRITICAL - 2023-11-13 11:23:32 --> Undefined index: telat_masuk
in APPPATH\Views\user\absensi\absen_view.php on line 100.
 1 APPPATH\Views\user\absensi\absen_view.php(100): CodeIgniter\Debug\Exceptions->errorHandler(8, 'Undefined index: telat_masuk', 'E:\\xampp\\htdocs\\absen\\app\\Views\\user\\absensi\\absen_view.php', 100, [...])
 2 SYSTEMPATH\View\View.php(224): include('E:\\xampp\\htdocs\\absen\\app\\Views\\user\\absensi\\absen_view.php')
 3 SYSTEMPATH\View\View.php(227): CodeIgniter\View\View->CodeIgniter\View\{closure}()
 4 SYSTEMPATH\Common.php(1180): CodeIgniter\View\View->render('user/absensi/absen_view', [], true)
 5 APPPATH\Views\user\template\temp_user.php(93): view('user/absensi/absen_view')
 6 SYSTEMPATH\View\View.php(224): include('E:\\xampp\\htdocs\\absen\\app\\Views\\user\\template\\temp_user.php')
 7 SYSTEMPATH\View\View.php(227): CodeIgniter\View\View->CodeIgniter\View\{closure}()
 8 SYSTEMPATH\Common.php(1180): CodeIgniter\View\View->render('user/template/temp_user', [], true)
 9 APPPATH\Controllers\Absensi.php(33): view('user/template/temp_user', [...])
10 SYSTEMPATH\CodeIgniter.php(932): App\Controllers\Absensi->index()
11 SYSTEMPATH\CodeIgniter.php(497): CodeIgniter\CodeIgniter->runController(Object(App\Controllers\Absensi))
12 SYSTEMPATH\CodeIgniter.php(366): CodeIgniter\CodeIgniter->handleRequest(null, Object(Config\Cache), false)
13 FCPATH\index.php(67): CodeIgniter\CodeIgniter->run()
INFO - 2023-11-13 11:23:53 --> Session: Class initialized using 'CodeIgniter\Session\Handlers\FileHandler' driver.
CRITICAL - 2023-11-13 11:23:53 --> Undefined index: telat_masuk
in APPPATH\Views\user\absensi\absen_view.php on line 100.
 1 APPPATH\Views\user\absensi\absen_view.php(100): CodeIgniter\Debug\Exceptions->errorHandler(8, 'Undefined index: telat_masuk', 'E:\\xampp\\htdocs\\absen\\app\\Views\\user\\absensi\\absen_view.php', 100, [...])
 2 SYSTEMPATH\View\View.php(224): include('E:\\xampp\\htdocs\\absen\\app\\Views\\user\\absensi\\absen_view.php')
 3 SYSTEMPATH\View\View.php(227): CodeIgniter\View\View->CodeIgniter\View\{closure}()
 4 SYSTEMPATH\Common.php(1180): CodeIgniter\View\View->render('user/absensi/absen_view', [], true)
 5 APPPATH\Views\user\template\temp_user.php(93): view('user/absensi/absen_view')
 6 SYSTEMPATH\View\View.php(224): include('E:\\xampp\\htdocs\\absen\\app\\Views\\user\\template\\temp_user.php')
 7 SYSTEMPATH\View\View.php(227): CodeIgniter\View\View->CodeIgniter\View\{closure}()
 8 SYSTEMPATH\Common.php(1180): CodeIgniter\View\View->render('user/template/temp_user', [], true)
 9 APPPATH\Controllers\Absensi.php(33): view('user/template/temp_user', [...])
10 SYSTEMPATH\CodeIgniter.php(932): App\Controllers\Absensi->index()
11 SYSTEMPATH\CodeIgniter.php(497): CodeIgniter\CodeIgniter->runController(Object(App\Controllers\Absensi))
12 SYSTEMPATH\CodeIgniter.php(366): CodeIgniter\CodeIgniter->handleRequest(null, Object(Config\Cache), false)
13 FCPATH\index.php(67): CodeIgniter\CodeIgniter->run()
INFO - 2023-11-13 11:24:12 --> Session: Class initialized using 'CodeIgniter\Session\Handlers\FileHandler' driver.
CRITICAL - 2023-11-13 11:24:12 --> Undefined index: masuk)telat
in APPPATH\Views\user\absensi\absen_view.php on line 100.
 1 APPPATH\Views\user\absensi\absen_view.php(100): CodeIgniter\Debug\Exceptions->errorHandler(8, 'Undefined index: masuk)telat', 'E:\\xampp\\htdocs\\absen\\app\\Views\\user\\absensi\\absen_view.php', 100, [...])
 2 SYSTEMPATH\View\View.php(224): include('E:\\xampp\\htdocs\\absen\\app\\Views\\user\\absensi\\absen_view.php')
 3 SYSTEMPATH\View\View.php(227): CodeIgniter\View\View->CodeIgniter\View\{closure}()
 4 SYSTEMPATH\Common.php(1180): CodeIgniter\View\View->render('user/absensi/absen_view', [], true)
 5 APPPATH\Views\user\template\temp_user.php(93): view('user/absensi/absen_view')
 6 SYSTEMPATH\View\View.php(224): include('E:\\xampp\\htdocs\\absen\\app\\Views\\user\\template\\temp_user.php')
 7 SYSTEMPATH\View\View.php(227): CodeIgniter\View\View->CodeIgniter\View\{closure}()
 8 SYSTEMPATH\Common.php(1180): CodeIgniter\View\View->render('user/template/temp_user', [], true)
 9 APPPATH\Controllers\Absensi.php(33): view('user/template/temp_user', [...])
10 SYSTEMPATH\CodeIgniter.php(932): App\Controllers\Absensi->index()
11 SYSTEMPATH\CodeIgniter.php(497): CodeIgniter\CodeIgniter->runController(Object(App\Controllers\Absensi))
12 SYSTEMPATH\CodeIgniter.php(366): CodeIgniter\CodeIgniter->handleRequest(null, Object(Config\Cache), false)
13 FCPATH\index.php(67): CodeIgniter\CodeIgniter->run()
INFO - 2023-11-13 11:24:13 --> Session: Class initialized using 'CodeIgniter\Session\Handlers\FileHandler' driver.
CRITICAL - 2023-11-13 11:24:13 --> Undefined index: masuk)telat
in APPPATH\Views\user\absensi\absen_view.php on line 100.
 1 APPPATH\Views\user\absensi\absen_view.php(100): CodeIgniter\Debug\Exceptions->errorHandler(8, 'Undefined index: masuk)telat', 'E:\\xampp\\htdocs\\absen\\app\\Views\\user\\absensi\\absen_view.php', 100, [...])
 2 SYSTEMPATH\View\View.php(224): include('E:\\xampp\\htdocs\\absen\\app\\Views\\user\\absensi\\absen_view.php')
 3 SYSTEMPATH\View\View.php(227): CodeIgniter\View\View->CodeIgniter\View\{closure}()
 4 SYSTEMPATH\Common.php(1180): CodeIgniter\View\View->render('user/absensi/absen_view', [], true)
 5 APPPATH\Views\user\template\temp_user.php(93): view('user/absensi/absen_view')
 6 SYSTEMPATH\View\View.php(224): include('E:\\xampp\\htdocs\\absen\\app\\Views\\user\\template\\temp_user.php')
 7 SYSTEMPATH\View\View.php(227): CodeIgniter\View\View->CodeIgniter\View\{closure}()
 8 SYSTEMPATH\Common.php(1180): CodeIgniter\View\View->render('user/template/temp_user', [], true)
 9 APPPATH\Controllers\Absensi.php(33): view('user/template/temp_user', [...])
10 SYSTEMPATH\CodeIgniter.php(932): App\Controllers\Absensi->index()
11 SYSTEMPATH\CodeIgniter.php(497): CodeIgniter\CodeIgniter->runController(Object(App\Controllers\Absensi))
12 SYSTEMPATH\CodeIgniter.php(366): CodeIgniter\CodeIgniter->handleRequest(null, Object(Config\Cache), false)
13 FCPATH\index.php(67): CodeIgniter\CodeIgniter->run()
INFO - 2023-11-13 11:24:22 --> Session: Class initialized using 'CodeIgniter\Session\Handlers\FileHandler' driver.
INFO - 2023-11-13 11:25:00 --> Session: Class initialized using 'CodeIgniter\Session\Handlers\FileHandler' driver.
INFO - 2023-11-13 11:27:03 --> Session: Class initialized using 'CodeIgniter\Session\Handlers\FileHandler' driver.
INFO - 2023-11-13 11:27:09 --> Session: Class initialized using 'CodeIgniter\Session\Handlers\FileHandler' driver.
INFO - 2023-11-13 11:27:14 --> Session: Class initialized using 'CodeIgniter\Session\Handlers\FileHandler' driver.
INFO - 2023-11-13 11:27:14 --> Session: Class initialized using 'CodeIgniter\Session\Handlers\FileHandler' driver.
INFO - 2023-11-13 11:27:15 --> Session: Class initialized using 'CodeIgniter\Session\Handlers\FileHandler' driver.
INFO - 2023-11-13 11:27:16 --> Session: Class initialized using 'CodeIgniter\Session\Handlers\FileHandler' driver.
INFO - 2023-11-13 11:27:16 --> Session: Class initialized using 'CodeIgniter\Session\Handlers\FileHandler' driver.
INFO - 2023-11-13 11:27:19 --> Session: Class initialized using 'CodeIgniter\Session\Handlers\FileHandler' driver.
INFO - 2023-11-13 11:27:22 --> Session: Class initialized using 'CodeIgniter\Session\Handlers\FileHandler' driver.
INFO - 2023-11-13 11:27:22 --> Session: Class initialized using 'CodeIgniter\Session\Handlers\FileHandler' driver.
INFO - 2023-11-13 11:30:22 --> Session: Class initialized using 'CodeIgniter\Session\Handlers\FileHandler' driver.
INFO - 2023-11-13 11:33:01 --> Session: Class initialized using 'CodeIgniter\Session\Handlers\FileHandler' driver.
INFO - 2023-11-13 11:33:07 --> Session: Class initialized using 'CodeIgniter\Session\Handlers\FileHandler' driver.
INFO - 2023-11-13 11:33:42 --> Session: Class initialized using 'CodeIgniter\Session\Handlers\FileHandler' driver.
INFO - 2023-11-13 11:33:49 --> Session: Class initialized using 'CodeIgniter\Session\Handlers\FileHandler' driver.
INFO - 2023-11-13 11:33:50 --> Session: Class initialized using 'CodeIgniter\Session\Handlers\FileHandler' driver.
INFO - 2023-11-13 11:33:52 --> Session: Class initialized using 'CodeIgniter\Session\Handlers\FileHandler' driver.
INFO - 2023-11-13 11:33:54 --> Session: Class initialized using 'CodeIgniter\Session\Handlers\FileHandler' driver.
INFO - 2023-11-13 11:33:54 --> Session: Class initialized using 'CodeIgniter\Session\Handlers\FileHandler' driver.
INFO - 2023-11-13 11:33:55 --> Session: Class initialized using 'CodeIgniter\Session\Handlers\FileHandler' driver.
INFO - 2023-11-13 11:33:58 --> Session: Class initialized using 'CodeIgniter\Session\Handlers\FileHandler' driver.
INFO - 2023-11-13 11:34:54 --> Session: Class initialized using 'CodeIgniter\Session\Handlers\FileHandler' driver.
INFO - 2023-11-13 11:34:54 --> Session: Class initialized using 'CodeIgniter\Session\Handlers\FileHandler' driver.
INFO - 2023-11-13 11:35:06 --> Session: Class initialized using 'CodeIgniter\Session\Handlers\FileHandler' driver.
INFO - 2023-11-13 11:35:06 --> Session: Class initialized using 'CodeIgniter\Session\Handlers\FileHandler' driver.
INFO - 2023-11-13 11:35:10 --> Session: Class initialized using 'CodeIgniter\Session\Handlers\FileHandler' driver.
INFO - 2023-11-13 11:35:12 --> Session: Class initialized using 'CodeIgniter\Session\Handlers\FileHandler' driver.
INFO - 2023-11-13 11:35:13 --> Session: Class initialized using 'CodeIgniter\Session\Handlers\FileHandler' driver.
INFO - 2023-11-13 11:35:14 --> Session: Class initialized using 'CodeIgniter\Session\Handlers\FileHandler' driver.
INFO - 2023-11-13 11:35:20 --> Session: Class initialized using 'CodeIgniter\Session\Handlers\FileHandler' driver.
INFO - 2023-11-13 11:37:38 --> Session: Class initialized using 'CodeIgniter\Session\Handlers\FileHandler' driver.
INFO - 2023-11-13 11:39:08 --> Session: Class initialized using 'CodeIgniter\Session\Handlers\FileHandler' driver.
INFO - 2023-11-13 11:41:44 --> Session: Class initialized using 'CodeIgniter\Session\Handlers\FileHandler' driver.
INFO - 2023-11-13 11:41:44 --> Session: Class initialized using 'CodeIgniter\Session\Handlers\FileHandler' driver.
INFO - 2023-11-13 11:41:50 --> Session: Class initialized using 'CodeIgniter\Session\Handlers\FileHandler' driver.
INFO - 2023-11-13 11:41:58 --> Session: Class initialized using 'CodeIgniter\Session\Handlers\FileHandler' driver.
INFO - 2023-11-13 11:41:58 --> Session: Class initialized using 'CodeIgniter\Session\Handlers\FileHandler' driver.
INFO - 2023-11-13 11:42:36 --> Session: Class initialized using 'CodeIgniter\Session\Handlers\FileHandler' driver.
INFO - 2023-11-13 11:42:43 --> Session: Class initialized using 'CodeIgniter\Session\Handlers\FileHandler' driver.
INFO - 2023-11-13 11:42:44 --> Session: Class initialized using 'CodeIgniter\Session\Handlers\FileHandler' driver.
INFO - 2023-11-13 11:42:55 --> Session: Class initialized using 'CodeIgniter\Session\Handlers\FileHandler' driver.
